Using pre-set license
Built from '2020.3/staging' branch; Version is '2020.3.21f1 (a38c86f6690f) revision 10718342'; Using compiler version '192528614'; Build Type 'Release'
OS: 'Windows 10 Pro; OS build 19042.1415; Version 2009; 64bit' Language: 'ko' Physical Memory: 8067 MB
BatchMode: 1, IsHumanControllingUs: 0, StartBugReporterOnCrash: 0, Is64bit: 1, IsPro: 0

COMMAND LINE ARGUMENTS:
C:\Program Files\Unity\Hub\Editor\2020.3.21f1\Editor\Unity.exe
-adb2
-batchMode
-noUpm
-name
AssetImportWorker0
-projectPath
E:/Unity/Portfolio
-logFile
Logs/AssetImportWorker0.log
-srvPort
49879
Successfully changed project path to: E:/Unity/Portfolio
E:/Unity/Portfolio
Using Asset Import Pipeline V2.
Refreshing native plugins compatible for Editor in 73.13 ms, found 3 plugins.
Preloading 0 native plugins for Editor in 0.00 ms.
Initialize engine version: 2020.3.21f1 (a38c86f6690f)
[Subsystems] Discovering subsystems at path C:/Program Files/Unity/Hub/Editor/2020.3.21f1/Editor/Data/Resources/UnitySubsystems
[Subsystems] Discovering subsystems at path E:/Unity/Portfolio/Assets
GfxDevice: creating device client; threaded=0
Direct3D:
    Version:  Direct3D 11.0 [level 11.1]
    Renderer: NVIDIA GeForce GTX 1050 (ID=0x1c8d)
    Vendor:   
    VRAM:     4021 MB
    Driver:   27.21.14.6231
Initialize mono
Mono path[0] = 'C:/Program Files/Unity/Hub/Editor/2020.3.21f1/Editor/Data/Managed'
Mono path[1] = 'C:/Program Files/Unity/Hub/Editor/2020.3.21f1/Editor/Data/MonoBleedingEdge/lib/mono/unityjit'
Mono config path = 'C:/Program Files/Unity/Hub/Editor/2020.3.21f1/Editor/Data/MonoBleedingEdge/etc'
Using monoOptions --debugger-agent=transport=dt_socket,embedding=1,server=y,suspend=n,address=127.0.0.1:56648
Begin MonoManager ReloadAssembly
Registering precompiled unity dll's ...
Register platform support module: C:/Program Files/Unity/Hub/Editor/2020.3.21f1/Editor/Data/PlaybackEngines/WebGLSupport/UnityEditor.WebGL.Extensions.dll
Register platform support module: C:/Program Files/Unity/Hub/Editor/2020.3.21f1/Editor/Data/PlaybackEngines/WindowsStandaloneSupport/UnityEditor.WindowsStandalone.Extensions.dll
Registered in 0.003031 seconds.
Native extension for WindowsStandalone target not found
Native extension for WebGL target not found
Refreshing native plugins compatible for Editor in 78.20 ms, found 3 plugins.
Preloading 0 native plugins for Editor in 0.00 ms.
Mono: successfully reloaded assembly
- Completed reload, in  1.637 seconds
Domain Reload Profiling:
	ReloadAssembly (1637ms)
		BeginReloadAssembly (67ms)
			ExecutionOrderSort (0ms)
			DisableScriptedObjects (0ms)
			BackupInstance (0ms)
			ReleaseScriptingObjects (0ms)
			CreateAndSetChildDomain (1ms)
		EndReloadAssembly (616ms)
			LoadAssemblies (65ms)
			RebuildTransferFunctionScriptingTraits (0ms)
			SetupTypeCache (180ms)
			ReleaseScriptCaches (0ms)
			RebuildScriptCaches (40ms)
			SetupLoadedEditorAssemblies (278ms)
				LogAssemblyErrors (0ms)
				InitializePlatformSupportModulesInManaged (7ms)
				SetLoadedEditorAssemblies (1ms)
				RefreshPlugins (78ms)
				BeforeProcessingInitializeOnLoad (23ms)
				ProcessInitializeOnLoadAttributes (134ms)
				ProcessInitializeOnLoadMethodAttributes (36ms)
				AfterProcessingInitializeOnLoad (0ms)
				EditorAssembliesLoaded (0ms)
			ExecutionOrderSort2 (0ms)
			AwakeInstancesAfterBackupRestoration (0ms)
Platform modules already initialized, skipping
Registering precompiled user dll's ...
Registered in 0.004267 seconds.
Begin MonoManager ReloadAssembly
Native extension for WindowsStandalone target not found
Native extension for WebGL target not found
Refreshing native plugins compatible for Editor in 73.34 ms, found 3 plugins.
Preloading 0 native plugins for Editor in 0.00 ms.
Mono: successfully reloaded assembly
- Completed reload, in  1.371 seconds
Domain Reload Profiling:
	ReloadAssembly (1372ms)
		BeginReloadAssembly (170ms)
			ExecutionOrderSort (0ms)
			DisableScriptedObjects (5ms)
			BackupInstance (0ms)
			ReleaseScriptingObjects (0ms)
			CreateAndSetChildDomain (21ms)
		EndReloadAssembly (1130ms)
			LoadAssemblies (105ms)
			RebuildTransferFunctionScriptingTraits (0ms)
			SetupTypeCache (365ms)
			ReleaseScriptCaches (1ms)
			RebuildScriptCaches (61ms)
			SetupLoadedEditorAssemblies (436ms)
				LogAssemblyErrors (0ms)
				InitializePlatformSupportModulesInManaged (6ms)
				SetLoadedEditorAssemblies (0ms)
				RefreshPlugins (73ms)
				BeforeProcessingInitializeOnLoad (99ms)
				ProcessInitializeOnLoadAttributes (232ms)
				ProcessInitializeOnLoadMethodAttributes (19ms)
				AfterProcessingInitializeOnLoad (7ms)
				EditorAssembliesLoaded (0ms)
			ExecutionOrderSort2 (0ms)
			AwakeInstancesAfterBackupRestoration (8ms)
Platform modules already initialized, skipping
========================================================================
Worker process is ready to serve import requests
Launched and connected shader compiler UnityShaderCompiler.exe after 0.11 seconds
Refreshing native plugins compatible for Editor in 0.78 ms, found 3 plugins.
Preloading 0 native plugins for Editor in 0.00 ms.
Unloading 2224 Unused Serialized files (Serialized files now loaded: 0)
System memory in use before: 103.3 MB.
System memory in use after: 103.4 MB.

Unloading 28 unused Assets to reduce memory usage. Loaded Objects now: 2659.
Total: 3.796000 ms (FindLiveObjects: 0.241700 ms CreateObjectMapping: 0.121800 ms MarkObjects: 3.342200 ms  DeleteObjects: 0.088900 ms)

AssetImportParameters requested are different than current active one (requested -> active):
  custom:framework-win-MediaFoundation: 216162199b28c13a410421893ffa2e32 -> 
  custom:video-decoder-ogg-theora: a1e56fd34408186e4bbccfd4996cb3dc -> 
  custom:container-muxer-webm: aa71ff27fc2769a1b78a27578f13a17b -> 
  custom:container-demuxer-webm: 4f35f7cbe854078d1ac9338744f61a02 -> 
  custom:container-demuxer-ogg: 62fdf1f143b41e24485cea50d1cbac27 -> 
  custom:video-encoder-webm-vp8: eb34c28f22e8b96e1ab97ce403110664 -> 
  custom:video-decoder-webm-vp8: 9c59270c3fd7afecdb556c50c9e8de78 -> 
  custom:audio-decoder-ogg-vorbis: bf7c407c2cedff20999df2af8eb42d56 -> 
  custom:audio-encoder-webm-vorbis: bf7c407c2cedff20999df2af8eb42d56 -> 
========================================================================
Received Import Request.
  path: Assets/Resources/Sprites/wordbox.png
  artifactKey: Guid(b532bb9b1a376fb4ab961e7b5352cdac) Importer(815301076,1909f56bfc062723c751e8b465ee728b)
Start importing Assets/Resources/Sprites/wordbox.png using Guid(b532bb9b1a376fb4ab961e7b5352cdac) Importer(815301076,1909f56bfc062723c751e8b465ee728b)  -> (artifact id: '3ee12c038990b19136417e172890a8a5') in 0.129370 seconds 
  Import took 0.147328 seconds .

========================================================================
Received Import Request.
  Time since last request: 24.422929 seconds.
  path: Assets/Resources/Sprites/wordbox.png
  artifactKey: Guid(b532bb9b1a376fb4ab961e7b5352cdac) Importer(815301076,1909f56bfc062723c751e8b465ee728b)
Start importing Assets/Resources/Sprites/wordbox.png using Guid(b532bb9b1a376fb4ab961e7b5352cdac) Importer(815301076,1909f56bfc062723c751e8b465ee728b)  -> (artifact id: 'dadebc84e5673a8e56385eff212af775') in 0.017963 seconds 
  Import took 0.042416 seconds .

========================================================================
Received Import Request.
  Time since last request: 3.347157 seconds.
  path: Assets/Resources/Sprites/wordbox.png
  artifactKey: Guid(b532bb9b1a376fb4ab961e7b5352cdac) Importer(815301076,1909f56bfc062723c751e8b465ee728b)
Start importing Assets/Resources/Sprites/wordbox.png using Guid(b532bb9b1a376fb4ab961e7b5352cdac) Importer(815301076,1909f56bfc062723c751e8b465ee728b)  -> (artifact id: '72fa194b2a331599e39eb41031595f79') in 0.016265 seconds 
  Import took 0.055809 seconds .

========================================================================
Received Import Request.
  Time since last request: 39.625585 seconds.
  path: Assets/Resources/Sprites/wordbox.png
  artifactKey: Guid(b532bb9b1a376fb4ab961e7b5352cdac) Importer(815301076,1909f56bfc062723c751e8b465ee728b)
Start importing Assets/Resources/Sprites/wordbox.png using Guid(b532bb9b1a376fb4ab961e7b5352cdac) Importer(815301076,1909f56bfc062723c751e8b465ee728b)  -> (artifact id: 'ee2d3af619972ae587a007c5e200267a') in 0.019528 seconds 
  Import took 0.038364 seconds .

========================================================================
Received Import Request.
  Time since last request: 9.107340 seconds.
  path: Assets/Resources/Sprites/wordbox.png
  artifactKey: Guid(b532bb9b1a376fb4ab961e7b5352cdac) Importer(815301076,1909f56bfc062723c751e8b465ee728b)
Start importing Assets/Resources/Sprites/wordbox.png using Guid(b532bb9b1a376fb4ab961e7b5352cdac) Importer(815301076,1909f56bfc062723c751e8b465ee728b)  -> (artifact id: '6a0ed23d6eb8eb41aadf47e6370815da') in 0.013394 seconds 
  Import took 0.042090 seconds .

========================================================================
Received Import Request.
  Time since last request: 115.223569 seconds.
  path: Assets/Resources/Sprites/wordbox.png
  artifactKey: Guid(b532bb9b1a376fb4ab961e7b5352cdac) Importer(815301076,1909f56bfc062723c751e8b465ee728b)
Start importing Assets/Resources/Sprites/wordbox.png using Guid(b532bb9b1a376fb4ab961e7b5352cdac) Importer(815301076,1909f56bfc062723c751e8b465ee728b)  -> (artifact id: '99781ddce7d0f6ad9646a72edc19664a') in 0.015837 seconds 
  Import took 0.021641 seconds .

========================================================================
Received Import Request.
  Time since last request: 191.857781 seconds.
  path: Assets/Resources/Sprites/wordbox.png
  artifactKey: Guid(b532bb9b1a376fb4ab961e7b5352cdac) Importer(815301076,1909f56bfc062723c751e8b465ee728b)
Start importing Assets/Resources/Sprites/wordbox.png using Guid(b532bb9b1a376fb4ab961e7b5352cdac) Importer(815301076,1909f56bfc062723c751e8b465ee728b)  -> (artifact id: '85b2b59ebeafa575b6f52eccfff8c4bf') in 0.016921 seconds 
  Import took 0.044453 seconds .

========================================================================
Received Import Request.
  Time since last request: 57.298400 seconds.
  path: Assets/Resources/Sprites/wordbox.png
  artifactKey: Guid(b532bb9b1a376fb4ab961e7b5352cdac) Importer(815301076,1909f56bfc062723c751e8b465ee728b)
Start importing Assets/Resources/Sprites/wordbox.png using Guid(b532bb9b1a376fb4ab961e7b5352cdac) Importer(815301076,1909f56bfc062723c751e8b465ee728b)  -> (artifact id: '87bcb69123776bbc076d515658dfc158') in 0.014795 seconds 
  Import took 0.035378 seconds .

========================================================================
Received Import Request.
  Time since last request: 130.469729 seconds.
  path: Assets/Resources/Sprites/wordbox.png
  artifactKey: Guid(b532bb9b1a376fb4ab961e7b5352cdac) Importer(815301076,1909f56bfc062723c751e8b465ee728b)
Start importing Assets/Resources/Sprites/wordbox.png using Guid(b532bb9b1a376fb4ab961e7b5352cdac) Importer(815301076,1909f56bfc062723c751e8b465ee728b)  -> (artifact id: '58c355661faf06d9484eb5b3fa306e55') in 0.014937 seconds 
  Import took 0.043286 seconds .

========================================================================
Received Import Request.
  Time since last request: 36.492128 seconds.
  path: Assets/Resources/Sprites/wordbox.png
  artifactKey: Guid(b532bb9b1a376fb4ab961e7b5352cdac) Importer(815301076,1909f56bfc062723c751e8b465ee728b)
Start importing Assets/Resources/Sprites/wordbox.png using Guid(b532bb9b1a376fb4ab961e7b5352cdac) Importer(815301076,1909f56bfc062723c751e8b465ee728b)  -> (artifact id: '1d6d36f54716fbee8d7564cc9ad6c18a') in 0.017099 seconds 
  Import took 0.040228 seconds .

========================================================================
Received Import Request.
  Time since last request: 194.515523 seconds.
  path: Assets/Resources/Sprites/wordbox.png
  artifactKey: Guid(b532bb9b1a376fb4ab961e7b5352cdac) Importer(815301076,1909f56bfc062723c751e8b465ee728b)
Start importing Assets/Resources/Sprites/wordbox.png using Guid(b532bb9b1a376fb4ab961e7b5352cdac) Importer(815301076,1909f56bfc062723c751e8b465ee728b)  -> (artifact id: '9d85946c08379939020e21ed2ab87cfb') in 0.018024 seconds 
  Import took 0.034270 seconds .

========================================================================
Received Import Request.
  Time since last request: 48.592074 seconds.
  path: Assets/Resources/Sprites/wordbox.png
  artifactKey: Guid(b532bb9b1a376fb4ab961e7b5352cdac) Importer(815301076,1909f56bfc062723c751e8b465ee728b)
Start importing Assets/Resources/Sprites/wordbox.png using Guid(b532bb9b1a376fb4ab961e7b5352cdac) Importer(815301076,1909f56bfc062723c751e8b465ee728b)  -> (artifact id: 'bef3ef9ad0eb482f0a04c97bc06e30b6') in 0.017158 seconds 
  Import took 0.029461 seconds .

========================================================================
Received Import Request.
  Time since last request: 8.721398 seconds.
  path: Assets/Resources/Sprites/wordbox.png
  artifactKey: Guid(b532bb9b1a376fb4ab961e7b5352cdac) Importer(815301076,1909f56bfc062723c751e8b465ee728b)
Start importing Assets/Resources/Sprites/wordbox.png using Guid(b532bb9b1a376fb4ab961e7b5352cdac) Importer(815301076,1909f56bfc062723c751e8b465ee728b)  -> (artifact id: '04b995795c6922f2a2fea94ee210c4f6') in 0.014338 seconds 
  Import took 0.030749 seconds .

========================================================================
Received Import Request.
  Time since last request: 52.144615 seconds.
  path: Assets/Resources/Sprites/wordbox.png
  artifactKey: Guid(b532bb9b1a376fb4ab961e7b5352cdac) Importer(815301076,1909f56bfc062723c751e8b465ee728b)
Start importing Assets/Resources/Sprites/wordbox.png using Guid(b532bb9b1a376fb4ab961e7b5352cdac) Importer(815301076,1909f56bfc062723c751e8b465ee728b)  -> (artifact id: 'bf387c6849d5469a52857863b4b1fd7d') in 0.017603 seconds 
  Import took 0.023258 seconds .

========================================================================
Received Import Request.
  Time since last request: 25.863961 seconds.
  path: Assets/Resources/Sprites/wordbox.png
  artifactKey: Guid(b532bb9b1a376fb4ab961e7b5352cdac) Importer(815301076,1909f56bfc062723c751e8b465ee728b)
Start importing Assets/Resources/Sprites/wordbox.png using Guid(b532bb9b1a376fb4ab961e7b5352cdac) Importer(815301076,1909f56bfc062723c751e8b465ee728b)  -> (artifact id: '0d855604af1488d5c24c281c754e9db6') in 0.014632 seconds 
  Import took 0.040957 seconds .

========================================================================
Received Import Request.
  Time since last request: 12.148547 seconds.
  path: Assets/Resources/Sprites/wordbox.png
  artifactKey: Guid(b532bb9b1a376fb4ab961e7b5352cdac) Importer(815301076,1909f56bfc062723c751e8b465ee728b)
Start importing Assets/Resources/Sprites/wordbox.png using Guid(b532bb9b1a376fb4ab961e7b5352cdac) Importer(815301076,1909f56bfc062723c751e8b465ee728b)  -> (artifact id: 'ea2b73c87bc0ae83cf784d3d0318303c') in 0.013671 seconds 
  Import took 0.048777 seconds .

========================================================================
Received Import Request.
  Time since last request: 14.345053 seconds.
  path: Assets/Resources/Sprites/wordbox.png
  artifactKey: Guid(b532bb9b1a376fb4ab961e7b5352cdac) Importer(815301076,1909f56bfc062723c751e8b465ee728b)
Start importing Assets/Resources/Sprites/wordbox.png using Guid(b532bb9b1a376fb4ab961e7b5352cdac) Importer(815301076,1909f56bfc062723c751e8b465ee728b)  -> (artifact id: '8415cbdb72aa503bb16aef6374ef05ce') in 0.014158 seconds 
  Import took 0.023642 seconds .

========================================================================
Received Import Request.
  Time since last request: 6.927624 seconds.
  path: Assets/Resources/Sprites/wordbox.png
  artifactKey: Guid(b532bb9b1a376fb4ab961e7b5352cdac) Importer(815301076,1909f56bfc062723c751e8b465ee728b)
Start importing Assets/Resources/Sprites/wordbox.png using Guid(b532bb9b1a376fb4ab961e7b5352cdac) Importer(815301076,1909f56bfc062723c751e8b465ee728b)  -> (artifact id: 'ca9a8add4bc51ab6e963e7fc7300f6c0') in 0.014876 seconds 
  Import took 0.051620 seconds .

========================================================================
Received Import Request.
  Time since last request: 4.291732 seconds.
  path: Assets/Resources/Sprites/wordbox.png
  artifactKey: Guid(b532bb9b1a376fb4ab961e7b5352cdac) Importer(815301076,1909f56bfc062723c751e8b465ee728b)
Start importing Assets/Resources/Sprites/wordbox.png using Guid(b532bb9b1a376fb4ab961e7b5352cdac) Importer(815301076,1909f56bfc062723c751e8b465ee728b)  -> (artifact id: '8307dadfc9f33a1f9b56ea22590523fa') in 0.013622 seconds 
  Import took 0.018957 seconds .

========================================================================
Received Prepare
Registering precompiled user dll's ...
Registered in 0.006170 seconds.
Begin MonoManager ReloadAssembly
Native extension for WindowsStandalone target not found
Native extension for WebGL target not found
Refreshing native plugins compatible for Editor in 0.96 ms, found 3 plugins.
Preloading 0 native plugins for Editor in 0.00 ms.
Mono: successfully reloaded assembly
- Completed reload, in  1.360 seconds
Domain Reload Profiling:
	ReloadAssembly (1361ms)
		BeginReloadAssembly (138ms)
			ExecutionOrderSort (0ms)
			DisableScriptedObjects (8ms)
			BackupInstance (0ms)
			ReleaseScriptingObjects (0ms)
			CreateAndSetChildDomain (45ms)
		EndReloadAssembly (1146ms)
			LoadAssemblies (111ms)
			RebuildTransferFunctionScriptingTraits (0ms)
			SetupTypeCache (450ms)
			ReleaseScriptCaches (1ms)
			RebuildScriptCaches (48ms)
			SetupLoadedEditorAssemblies (389ms)
				LogAssemblyErrors (0ms)
				InitializePlatformSupportModulesInManaged (8ms)
				SetLoadedEditorAssemblies (1ms)
				RefreshPlugins (1ms)
				BeforeProcessingInitializeOnLoad (113ms)
				ProcessInitializeOnLoadAttributes (244ms)
				ProcessInitializeOnLoadMethodAttributes (14ms)
				AfterProcessingInitializeOnLoad (8ms)
				EditorAssembliesLoaded (0ms)
			ExecutionOrderSort2 (0ms)
			AwakeInstancesAfterBackupRestoration (11ms)
Platform modules already initialized, skipping
Refreshing native plugins compatible for Editor in 0.66 ms, found 3 plugins.
Preloading 0 native plugins for Editor in 0.00 ms.
Unloading 2200 Unused Serialized files (Serialized files now loaded: 0)
System memory in use before: 104.3 MB.
System memory in use after: 104.4 MB.

Unloading 17 unused Assets to reduce memory usage. Loaded Objects now: 2667.
Total: 3.741500 ms (FindLiveObjects: 0.187600 ms CreateObjectMapping: 0.086900 ms MarkObjects: 3.420900 ms  DeleteObjects: 0.045200 ms)

AssetImportParameters requested are different than current active one (requested -> active):
  custom:framework-win-MediaFoundation: 216162199b28c13a410421893ffa2e32 -> 
  custom:video-decoder-ogg-theora: a1e56fd34408186e4bbccfd4996cb3dc -> 
  custom:container-muxer-webm: aa71ff27fc2769a1b78a27578f13a17b -> 
  custom:container-demuxer-webm: 4f35f7cbe854078d1ac9338744f61a02 -> 
  custom:container-demuxer-ogg: 62fdf1f143b41e24485cea50d1cbac27 -> 
  custom:video-encoder-webm-vp8: eb34c28f22e8b96e1ab97ce403110664 -> 
  custom:video-decoder-webm-vp8: 9c59270c3fd7afecdb556c50c9e8de78 -> 
  custom:audio-decoder-ogg-vorbis: bf7c407c2cedff20999df2af8eb42d56 -> 
  custom:audio-encoder-webm-vorbis: bf7c407c2cedff20999df2af8eb42d56 -> 
AssetImportWorkerClient::OnTransportError - code=2 error=End of file
