Using pre-set license
Built from '2020.3/staging' branch; Version is '2020.3.21f1 (a38c86f6690f) revision 10718342'; Using compiler version '192528614'; Build Type 'Release'
OS: 'Windows 10 Pro; OS build 19042.1348; Version 2009; 64bit' Language: 'ko' Physical Memory: 8067 MB
BatchMode: 1, IsHumanControllingUs: 0, StartBugReporterOnCrash: 0, Is64bit: 1, IsPro: 0

COMMAND LINE ARGUMENTS:
C:\Program Files\Unity\Hub\Editor\2020.3.21f1\Editor\Unity.exe
-adb2
-batchMode
-noUpm
-name
AssetImportWorker0
-projectPath
E:/Unity/Portfolio
-logFile
Logs/AssetImportWorker0.log
-srvPort
58835
Successfully changed project path to: E:/Unity/Portfolio
E:/Unity/Portfolio
Using Asset Import Pipeline V2.
Refreshing native plugins compatible for Editor in 60.33 ms, found 3 plugins.
Preloading 0 native plugins for Editor in 0.00 ms.
Initialize engine version: 2020.3.21f1 (a38c86f6690f)
[Subsystems] Discovering subsystems at path C:/Program Files/Unity/Hub/Editor/2020.3.21f1/Editor/Data/Resources/UnitySubsystems
[Subsystems] Discovering subsystems at path E:/Unity/Portfolio/Assets
GfxDevice: creating device client; threaded=0
Direct3D:
    Version:  Direct3D 11.0 [level 11.1]
    Renderer: NVIDIA GeForce GTX 1050 (ID=0x1c8d)
    Vendor:   
    VRAM:     4021 MB
    Driver:   27.21.14.6231
Initialize mono
Mono path[0] = 'C:/Program Files/Unity/Hub/Editor/2020.3.21f1/Editor/Data/Managed'
Mono path[1] = 'C:/Program Files/Unity/Hub/Editor/2020.3.21f1/Editor/Data/MonoBleedingEdge/lib/mono/unityjit'
Mono config path = 'C:/Program Files/Unity/Hub/Editor/2020.3.21f1/Editor/Data/MonoBleedingEdge/etc'
Using monoOptions --debugger-agent=transport=dt_socket,embedding=1,server=y,suspend=n,address=127.0.0.1:56396
Begin MonoManager ReloadAssembly
Registering precompiled unity dll's ...
Register platform support module: C:/Program Files/Unity/Hub/Editor/2020.3.21f1/Editor/Data/PlaybackEngines/WebGLSupport/UnityEditor.WebGL.Extensions.dll
Register platform support module: C:/Program Files/Unity/Hub/Editor/2020.3.21f1/Editor/Data/PlaybackEngines/WindowsStandaloneSupport/UnityEditor.WindowsStandalone.Extensions.dll
Registered in 0.002169 seconds.
Native extension for WindowsStandalone target not found
Native extension for WebGL target not found
Refreshing native plugins compatible for Editor in 57.01 ms, found 3 plugins.
Preloading 0 native plugins for Editor in 0.00 ms.
Mono: successfully reloaded assembly
- Completed reload, in  1.519 seconds
Domain Reload Profiling:
	ReloadAssembly (1520ms)
		BeginReloadAssembly (61ms)
			ExecutionOrderSort (0ms)
			DisableScriptedObjects (0ms)
			BackupInstance (0ms)
			ReleaseScriptingObjects (0ms)
			CreateAndSetChildDomain (1ms)
		EndReloadAssembly (600ms)
			LoadAssemblies (60ms)
			RebuildTransferFunctionScriptingTraits (0ms)
			SetupTypeCache (206ms)
			ReleaseScriptCaches (0ms)
			RebuildScriptCaches (37ms)
			SetupLoadedEditorAssemblies (229ms)
				LogAssemblyErrors (0ms)
				InitializePlatformSupportModulesInManaged (7ms)
				SetLoadedEditorAssemblies (0ms)
				RefreshPlugins (57ms)
				BeforeProcessingInitializeOnLoad (20ms)
				ProcessInitializeOnLoadAttributes (91ms)
				ProcessInitializeOnLoadMethodAttributes (53ms)
				AfterProcessingInitializeOnLoad (0ms)
				EditorAssembliesLoaded (0ms)
			ExecutionOrderSort2 (0ms)
			AwakeInstancesAfterBackupRestoration (0ms)
Platform modules already initialized, skipping
Registering precompiled user dll's ...
Registered in 0.003786 seconds.
Begin MonoManager ReloadAssembly
Native extension for WindowsStandalone target not found
Native extension for WebGL target not found
Refreshing native plugins compatible for Editor in 55.55 ms, found 3 plugins.
Preloading 0 native plugins for Editor in 0.00 ms.
Mono: successfully reloaded assembly
- Completed reload, in  1.424 seconds
Domain Reload Profiling:
	ReloadAssembly (1425ms)
		BeginReloadAssembly (189ms)
			ExecutionOrderSort (0ms)
			DisableScriptedObjects (5ms)
			BackupInstance (0ms)
			ReleaseScriptingObjects (0ms)
			CreateAndSetChildDomain (23ms)
		EndReloadAssembly (1167ms)
			LoadAssemblies (118ms)
			RebuildTransferFunctionScriptingTraits (0ms)
			SetupTypeCache (382ms)
			ReleaseScriptCaches (1ms)
			RebuildScriptCaches (70ms)
			SetupLoadedEditorAssemblies (453ms)
				LogAssemblyErrors (0ms)
				InitializePlatformSupportModulesInManaged (6ms)
				SetLoadedEditorAssemblies (0ms)
				RefreshPlugins (56ms)
				BeforeProcessingInitializeOnLoad (117ms)
				ProcessInitializeOnLoadAttributes (250ms)
				ProcessInitializeOnLoadMethodAttributes (18ms)
				AfterProcessingInitializeOnLoad (6ms)
				EditorAssembliesLoaded (0ms)
			ExecutionOrderSort2 (0ms)
			AwakeInstancesAfterBackupRestoration (7ms)
Platform modules already initialized, skipping
========================================================================
Worker process is ready to serve import requests
Launched and connected shader compiler UnityShaderCompiler.exe after 0.08 seconds
Refreshing native plugins compatible for Editor in 0.55 ms, found 3 plugins.
Preloading 0 native plugins for Editor in 0.00 ms.
Unloading 2189 Unused Serialized files (Serialized files now loaded: 0)
System memory in use before: 98.2 MB.
System memory in use after: 98.3 MB.

Unloading 28 unused Assets to reduce memory usage. Loaded Objects now: 2622.
Total: 3.979300 ms (FindLiveObjects: 0.201500 ms CreateObjectMapping: 0.086500 ms MarkObjects: 3.568600 ms  DeleteObjects: 0.121500 ms)

AssetImportParameters requested are different than current active one (requested -> active):
  custom:framework-win-MediaFoundation: 216162199b28c13a410421893ffa2e32 -> 
  custom:video-decoder-ogg-theora: a1e56fd34408186e4bbccfd4996cb3dc -> 
  custom:container-muxer-webm: aa71ff27fc2769a1b78a27578f13a17b -> 
  custom:container-demuxer-webm: 4f35f7cbe854078d1ac9338744f61a02 -> 
  custom:container-demuxer-ogg: 62fdf1f143b41e24485cea50d1cbac27 -> 
  custom:video-encoder-webm-vp8: eb34c28f22e8b96e1ab97ce403110664 -> 
  custom:video-decoder-webm-vp8: 9c59270c3fd7afecdb556c50c9e8de78 -> 
  custom:audio-decoder-ogg-vorbis: bf7c407c2cedff20999df2af8eb42d56 -> 
  custom:audio-encoder-webm-vorbis: bf7c407c2cedff20999df2af8eb42d56 -> 
========================================================================
Received Import Request.
  path: Assets/Scenes/SampleScene.unity
  artifactKey: Guid(2cda990e2423bbf4892e6590ba056729) Importer(815301076,1909f56bfc062723c751e8b465ee728b)
Start importing Assets/Scenes/SampleScene.unity using Guid(2cda990e2423bbf4892e6590ba056729) Importer(815301076,1909f56bfc062723c751e8b465ee728b)  -> (artifact id: 'c162cfafca7c7e9d6781921dd99edd6d') in 0.019695 seconds 
  Import took 0.023717 seconds .

========================================================================
Received Import Request.
  Time since last request: 59.411075 seconds.
  path: Assets/Resources/Scripts/CameraController.cs
  artifactKey: Guid(ead391522fee0674ba93ecbf9504348f) Importer(815301076,1909f56bfc062723c751e8b465ee728b)
Start importing Assets/Resources/Scripts/CameraController.cs using Guid(ead391522fee0674ba93ecbf9504348f) Importer(815301076,1909f56bfc062723c751e8b465ee728b)  -> (artifact id: 'e4c1a05022a1ffeb8207d00f9bafefc9') in 0.059031 seconds 
  Import took 0.063483 seconds .

========================================================================
Received Import Request.
  Time since last request: 47.752499 seconds.
  path: Assets/Resources/Sprites/Cuphead/Idle/cuphead_idle_0003.png
  artifactKey: Guid(d6af2bd7b67abb64490f209bbe65b794) Importer(815301076,1909f56bfc062723c751e8b465ee728b)
Start importing Assets/Resources/Sprites/Cuphead/Idle/cuphead_idle_0003.png using Guid(d6af2bd7b67abb64490f209bbe65b794) Importer(815301076,1909f56bfc062723c751e8b465ee728b)  -> (artifact id: 'd62069ddee7637b08158bb864608d889') in 0.357633 seconds 
  Import took 0.370989 seconds .

========================================================================
Received Import Request.
  Time since last request: 0.000328 seconds.
  path: Assets/Resources/Sprites/Cuphead/Idle/cuphead_idle_0004.png
  artifactKey: Guid(0ef1b8c56cce16c4b8c8982a804a407b) Importer(815301076,1909f56bfc062723c751e8b465ee728b)
Start importing Assets/Resources/Sprites/Cuphead/Idle/cuphead_idle_0004.png using Guid(0ef1b8c56cce16c4b8c8982a804a407b) Importer(815301076,1909f56bfc062723c751e8b465ee728b)  -> (artifact id: 'aa5c8c31103fa0200033d20717786aa6') in 0.067799 seconds 
  Import took 0.071572 seconds .

========================================================================
Received Import Request.
  Time since last request: 0.000299 seconds.
  path: Assets/Resources/Sprites/Cuphead/Idle/cuphead_idle_0005.png
  artifactKey: Guid(e47dde206d00ef344b8eb7b9031f73d2) Importer(815301076,1909f56bfc062723c751e8b465ee728b)
Start importing Assets/Resources/Sprites/Cuphead/Idle/cuphead_idle_0005.png using Guid(e47dde206d00ef344b8eb7b9031f73d2) Importer(815301076,1909f56bfc062723c751e8b465ee728b)  -> (artifact id: 'a880aaa35a11172b0e0ebf1d87d549e5') in 0.056558 seconds 
  Import took 0.060526 seconds .

========================================================================
Received Import Request.
  Time since last request: 46.134625 seconds.
  path: Assets/Resources/Sprites/Cuphead/Idle/cuphead_idle_0001.png
  artifactKey: Guid(38b684c886a335c488203e3ac8a4dabb) Importer(815301076,1909f56bfc062723c751e8b465ee728b)
Start importing Assets/Resources/Sprites/Cuphead/Idle/cuphead_idle_0001.png using Guid(38b684c886a335c488203e3ac8a4dabb) Importer(815301076,1909f56bfc062723c751e8b465ee728b)  -> (artifact id: '6a2a166ce82084914718ad685982b56c') in 0.023095 seconds 
  Import took 0.030431 seconds .

========================================================================
Received Import Request.
  Time since last request: 20.056781 seconds.
  path: Assets/Resources/Sprites/Cuphead/Idle/cuphead_idle_0002.png
  artifactKey: Guid(5d4320224c311d848b612ae3e3990759) Importer(815301076,1909f56bfc062723c751e8b465ee728b)
Start importing Assets/Resources/Sprites/Cuphead/Idle/cuphead_idle_0002.png using Guid(5d4320224c311d848b612ae3e3990759) Importer(815301076,1909f56bfc062723c751e8b465ee728b)  -> (artifact id: 'dddcf06a273eb8e77f3bfc50dad0f72f') in 0.036721 seconds 
  Import took 0.042348 seconds .

========================================================================
Received Import Request.
  Time since last request: 22.440608 seconds.
  path: Assets/Resources/Sprites/Cuphead/Idle/cuphead_idle_0003.png
  artifactKey: Guid(d6af2bd7b67abb64490f209bbe65b794) Importer(815301076,1909f56bfc062723c751e8b465ee728b)
Start importing Assets/Resources/Sprites/Cuphead/Idle/cuphead_idle_0003.png using Guid(d6af2bd7b67abb64490f209bbe65b794) Importer(815301076,1909f56bfc062723c751e8b465ee728b)  -> (artifact id: 'e90d95e0ff90ea12389c88aff0f3e810') in 0.018284 seconds 
  Import took 0.023995 seconds .

========================================================================
Received Import Request.
  Time since last request: 14.680945 seconds.
  path: Assets/Resources/Sprites/Cuphead/Idle/cuphead_idle_0004.png
  artifactKey: Guid(0ef1b8c56cce16c4b8c8982a804a407b) Importer(815301076,1909f56bfc062723c751e8b465ee728b)
Start importing Assets/Resources/Sprites/Cuphead/Idle/cuphead_idle_0004.png using Guid(0ef1b8c56cce16c4b8c8982a804a407b) Importer(815301076,1909f56bfc062723c751e8b465ee728b)  -> (artifact id: '94d550a85a9580ecd0961685b4930f50') in 0.021170 seconds 
  Import took 0.044887 seconds .

========================================================================
Received Import Request.
  Time since last request: 16.852226 seconds.
  path: Assets/Resources/Sprites/Cuphead/Idle/cuphead_idle_0005.png
  artifactKey: Guid(e47dde206d00ef344b8eb7b9031f73d2) Importer(815301076,1909f56bfc062723c751e8b465ee728b)
Start importing Assets/Resources/Sprites/Cuphead/Idle/cuphead_idle_0005.png using Guid(e47dde206d00ef344b8eb7b9031f73d2) Importer(815301076,1909f56bfc062723c751e8b465ee728b)  -> (artifact id: '4e6dc672824c0cbc4c7fa008f7ad4198') in 0.019098 seconds 
  Import took 0.024468 seconds .

========================================================================
Received Import Request.
  Time since last request: 17.225591 seconds.
  path: Assets/Resources/Sprites/Cuphead/Run/Normal
  artifactKey: Guid(51ccac7bc9b5ccd408d312db35525abf) Importer(815301076,1909f56bfc062723c751e8b465ee728b)
Start importing Assets/Resources/Sprites/Cuphead/Run/Normal using Guid(51ccac7bc9b5ccd408d312db35525abf) Importer(815301076,1909f56bfc062723c751e8b465ee728b)  -> (artifact id: 'b14fbff7113b60c61b6bcc7b25a0d49b') in 0.105951 seconds 
  Import took 0.112520 seconds .

========================================================================
Received Import Request.
  Time since last request: 0.042884 seconds.
  path: Assets/Resources/Sprites/Cuphead/Run/Normal/cuphead_run_0003.png
  artifactKey: Guid(e1cd70d4ce5a93448ab3c5bdfabd1ba4) Importer(815301076,1909f56bfc062723c751e8b465ee728b)
Start importing Assets/Resources/Sprites/Cuphead/Run/Normal/cuphead_run_0003.png using Guid(e1cd70d4ce5a93448ab3c5bdfabd1ba4) Importer(815301076,1909f56bfc062723c751e8b465ee728b)  -> (artifact id: '2cc1651736ccd99ab026d38d4f32707c') in 0.105485 seconds 
  Import took 0.112708 seconds .

========================================================================
Received Import Request.
  Time since last request: 0.000227 seconds.
  path: Assets/Resources/Sprites/Cuphead/Run/Normal/cuphead_run_turnaround_0002.png
  artifactKey: Guid(b55fc65202627b64da006a8f6e5e577f) Importer(815301076,1909f56bfc062723c751e8b465ee728b)
Start importing Assets/Resources/Sprites/Cuphead/Run/Normal/cuphead_run_turnaround_0002.png using Guid(b55fc65202627b64da006a8f6e5e577f) Importer(815301076,1909f56bfc062723c751e8b465ee728b)  -> (artifact id: '48261ef515f1c0d4ed188fb146a2eca5') in 0.061026 seconds 
  Import took 0.065626 seconds .

========================================================================
Received Import Request.
  Time since last request: 0.000211 seconds.
  path: Assets/Resources/Sprites/Cuphead/Run/Normal/cuphead_run_0008.png
  artifactKey: Guid(c2e8ea85865592546b2bd7d647518402) Importer(815301076,1909f56bfc062723c751e8b465ee728b)
Start importing Assets/Resources/Sprites/Cuphead/Run/Normal/cuphead_run_0008.png using Guid(c2e8ea85865592546b2bd7d647518402) Importer(815301076,1909f56bfc062723c751e8b465ee728b)  -> (artifact id: '2685dfe5fa68fc6adad351c6c58b90f2') in 0.082100 seconds 
  Import took 0.100180 seconds .

========================================================================
Received Import Request.
  Time since last request: 0.000206 seconds.
  path: Assets/Resources/Sprites/Cuphead/Run/Normal/cuphead_run_0013.png
  artifactKey: Guid(3d14a714e2be0a84486e6d630993d124) Importer(815301076,1909f56bfc062723c751e8b465ee728b)
Start importing Assets/Resources/Sprites/Cuphead/Run/Normal/cuphead_run_0013.png using Guid(3d14a714e2be0a84486e6d630993d124) Importer(815301076,1909f56bfc062723c751e8b465ee728b)  -> (artifact id: '18fb0325ae7689a1892f46475a808673') in 0.058269 seconds 
  Import took 0.062712 seconds .

========================================================================
Received Import Request.
  Time since last request: 0.000263 seconds.
  path: Assets/Resources/Sprites/Cuphead/Run/Normal/cuphead_run_0007.png
  artifactKey: Guid(eea24895d437cb643aa6974d791c2032) Importer(815301076,1909f56bfc062723c751e8b465ee728b)
Start importing Assets/Resources/Sprites/Cuphead/Run/Normal/cuphead_run_0007.png using Guid(eea24895d437cb643aa6974d791c2032) Importer(815301076,1909f56bfc062723c751e8b465ee728b)  -> (artifact id: '776d8d15c627559e5f2ae5ff16c12980') in 0.071121 seconds 
  Import took 0.076197 seconds .

========================================================================
Received Import Request.
  Time since last request: 0.000253 seconds.
  path: Assets/Resources/Sprites/Cuphead/Run/Normal/cuphead_run_0014.png
  artifactKey: Guid(767f94d637f141d44b201047fe448a28) Importer(815301076,1909f56bfc062723c751e8b465ee728b)
Start importing Assets/Resources/Sprites/Cuphead/Run/Normal/cuphead_run_0014.png using Guid(767f94d637f141d44b201047fe448a28) Importer(815301076,1909f56bfc062723c751e8b465ee728b)  -> (artifact id: 'e7c216b300d7a49ca3110d1ce59bc87e') in 0.082400 seconds 
  Import took 0.088034 seconds .

========================================================================
Received Import Request.
  Time since last request: 0.000195 seconds.
  path: Assets/Resources/Sprites/Cuphead/Run/Normal/cuphead_run_0004.png
  artifactKey: Guid(4977eb37e6ede9e4db5c3f1c5580f60c) Importer(815301076,1909f56bfc062723c751e8b465ee728b)
Start importing Assets/Resources/Sprites/Cuphead/Run/Normal/cuphead_run_0004.png using Guid(4977eb37e6ede9e4db5c3f1c5580f60c) Importer(815301076,1909f56bfc062723c751e8b465ee728b)  -> (artifact id: '6d0985c1ad968a509d4ce2b7222fa411') in 0.058779 seconds 
  Import took 0.063399 seconds .

========================================================================
Received Import Request.
  Time since last request: 0.000279 seconds.
  path: Assets/Resources/Sprites/Cuphead/Run/Normal/cuphead_run_0006.png
  artifactKey: Guid(66dc81c9872605a4eb7fdf4ec9fdc435) Importer(815301076,1909f56bfc062723c751e8b465ee728b)
Start importing Assets/Resources/Sprites/Cuphead/Run/Normal/cuphead_run_0006.png using Guid(66dc81c9872605a4eb7fdf4ec9fdc435) Importer(815301076,1909f56bfc062723c751e8b465ee728b)  -> (artifact id: '46fc94d354a06af8527875becbc8292f') in 0.070194 seconds 
  Import took 0.075321 seconds .

========================================================================
Received Import Request.
  Time since last request: 0.000267 seconds.
  path: Assets/Resources/Sprites/Cuphead/Run/Normal/cuphead_run_turnaround_0001.png
  artifactKey: Guid(1c354aa3dacad49439c66e68d3c2f53e) Importer(815301076,1909f56bfc062723c751e8b465ee728b)
Start importing Assets/Resources/Sprites/Cuphead/Run/Normal/cuphead_run_turnaround_0001.png using Guid(1c354aa3dacad49439c66e68d3c2f53e) Importer(815301076,1909f56bfc062723c751e8b465ee728b)  -> (artifact id: '701e82d12fba301248b9453274342b89') in 0.068353 seconds 
  Import took 0.073285 seconds .

========================================================================
Received Import Request.
  Time since last request: 0.000321 seconds.
  path: Assets/Resources/Sprites/Cuphead/Run/Normal/cuphead_run_0012.png
  artifactKey: Guid(707e7906019ac6d458b6cfcc07a2f43a) Importer(815301076,1909f56bfc062723c751e8b465ee728b)
Start importing Assets/Resources/Sprites/Cuphead/Run/Normal/cuphead_run_0012.png using Guid(707e7906019ac6d458b6cfcc07a2f43a) Importer(815301076,1909f56bfc062723c751e8b465ee728b)  -> (artifact id: 'cc495fa2a091f08869e77df2011fb99c') in 0.064051 seconds 
  Import took 0.068265 seconds .

========================================================================
Received Import Request.
  Time since last request: 0.000266 seconds.
  path: Assets/Resources/Sprites/Cuphead/Run/Normal/cuphead_run_0005.png
  artifactKey: Guid(f48682b724ee94d43a482b0056b8fc0c) Importer(815301076,1909f56bfc062723c751e8b465ee728b)
Start importing Assets/Resources/Sprites/Cuphead/Run/Normal/cuphead_run_0005.png using Guid(f48682b724ee94d43a482b0056b8fc0c) Importer(815301076,1909f56bfc062723c751e8b465ee728b)  -> (artifact id: '28d43d592cfc1123bffcb55aaece7a6e') in 0.094159 seconds 
  Import took 0.098154 seconds .

========================================================================
Received Import Request.
  Time since last request: 0.000309 seconds.
  path: Assets/Resources/Sprites/Cuphead/Run/Normal/cuphead_run_0009.png
  artifactKey: Guid(75433aaa67d14d949b210aa3549d3864) Importer(815301076,1909f56bfc062723c751e8b465ee728b)
Start importing Assets/Resources/Sprites/Cuphead/Run/Normal/cuphead_run_0009.png using Guid(75433aaa67d14d949b210aa3549d3864) Importer(815301076,1909f56bfc062723c751e8b465ee728b)  -> (artifact id: '6088ebca2303088ad5fb68ece44b79fe') in 0.059539 seconds 
  Import took 0.062845 seconds .

========================================================================
Received Import Request.
  Time since last request: 0.000414 seconds.
  path: Assets/Resources/Sprites/Cuphead/Run/Normal/cuphead_run_0010.png
  artifactKey: Guid(ce5ddcf055fceec4bbb6f3f6e1ef7824) Importer(815301076,1909f56bfc062723c751e8b465ee728b)
Start importing Assets/Resources/Sprites/Cuphead/Run/Normal/cuphead_run_0010.png using Guid(ce5ddcf055fceec4bbb6f3f6e1ef7824) Importer(815301076,1909f56bfc062723c751e8b465ee728b)  -> (artifact id: '656caa441f8c8412ca86fec764a50b32') in 0.044721 seconds 
  Import took 0.048612 seconds .

========================================================================
Received Import Request.
  Time since last request: 0.000434 seconds.
  path: Assets/Resources/Sprites/Cuphead/Run/Normal/cuphead_run_0015.png
  artifactKey: Guid(30f2bfc199ddb294bb304b51458738fd) Importer(815301076,1909f56bfc062723c751e8b465ee728b)
Start importing Assets/Resources/Sprites/Cuphead/Run/Normal/cuphead_run_0015.png using Guid(30f2bfc199ddb294bb304b51458738fd) Importer(815301076,1909f56bfc062723c751e8b465ee728b)  -> (artifact id: '9413d2c9cf650df2438a188cbca9745b') in 0.096522 seconds 
  Import took 0.100910 seconds .

========================================================================
Received Import Request.
  Time since last request: 0.000405 seconds.
  path: Assets/Resources/Sprites/Cuphead/Run/Normal/cuphead_run_0011.png
  artifactKey: Guid(b182735ab8f599841a935dfdc596e3b0) Importer(815301076,1909f56bfc062723c751e8b465ee728b)
Start importing Assets/Resources/Sprites/Cuphead/Run/Normal/cuphead_run_0011.png using Guid(b182735ab8f599841a935dfdc596e3b0) Importer(815301076,1909f56bfc062723c751e8b465ee728b)  -> (artifact id: '1da46ec944cacc2cb8b99ba507ca0d7e') in 0.094351 seconds 
  Import took 0.114248 seconds .

========================================================================
Received Import Request.
  Time since last request: 0.000370 seconds.
  path: Assets/Resources/Sprites/Cuphead/Run/Normal/cuphead_run_0016.png
  artifactKey: Guid(3a5bd6ad45e9b424d83baf5cb78135c7) Importer(815301076,1909f56bfc062723c751e8b465ee728b)
Start importing Assets/Resources/Sprites/Cuphead/Run/Normal/cuphead_run_0016.png using Guid(3a5bd6ad45e9b424d83baf5cb78135c7) Importer(815301076,1909f56bfc062723c751e8b465ee728b)  -> (artifact id: '11930fd658f2590f43c362937c29356f') in 0.085001 seconds 
  Import took 0.107791 seconds .

========================================================================
Received Import Request.
  Time since last request: 139.988759 seconds.
  path: Assets/Resources/Sprites/Goopy Le Grande/Phase 1/Punch Turn
  artifactKey: Guid(950627e795e37294f997996089d146a8) Importer(815301076,1909f56bfc062723c751e8b465ee728b)
Start importing Assets/Resources/Sprites/Goopy Le Grande/Phase 1/Punch Turn using Guid(950627e795e37294f997996089d146a8) Importer(815301076,1909f56bfc062723c751e8b465ee728b)  -> (artifact id: '686dd447de31a5ea533b2ecc50a80387') in 0.356189 seconds 
  Import took 0.361345 seconds .

========================================================================
Received Import Request.
  Time since last request: 1.893519 seconds.
  path: Assets/Resources/Sprites/Goopy Le Grande/Phase 1/Shadow
  artifactKey: Guid(0a056ca51e5f9ed4298269bcd376f32c) Importer(815301076,1909f56bfc062723c751e8b465ee728b)
Start importing Assets/Resources/Sprites/Goopy Le Grande/Phase 1/Shadow using Guid(0a056ca51e5f9ed4298269bcd376f32c) Importer(815301076,1909f56bfc062723c751e8b465ee728b)  -> (artifact id: 'c328b92318b1c601084e1b321139d653') in 0.104014 seconds 
  Import took 0.108282 seconds .

========================================================================
Received Import Request.
  Time since last request: 0.316382 seconds.
  path: Assets/Resources/Sprites/Goopy Le Grande/Phase 1/Transition To Ph2
  artifactKey: Guid(27b9b9bab693c1b4e973c5f142dd010f) Importer(815301076,1909f56bfc062723c751e8b465ee728b)
Start importing Assets/Resources/Sprites/Goopy Le Grande/Phase 1/Transition To Ph2 using Guid(27b9b9bab693c1b4e973c5f142dd010f) Importer(815301076,1909f56bfc062723c751e8b465ee728b)  -> (artifact id: '3af9c24c351f7a185b03a7c8c167e8db') in 0.007199 seconds 
  Import took 0.013917 seconds .

========================================================================
Received Import Request.
  Time since last request: 0.445072 seconds.
  path: Assets/Resources/Sprites/Goopy Le Grande/Phase 1/Up Down Transition
  artifactKey: Guid(baf7e032091ffad4d9cddd379817db18) Importer(815301076,1909f56bfc062723c751e8b465ee728b)
Start importing Assets/Resources/Sprites/Goopy Le Grande/Phase 1/Up Down Transition using Guid(baf7e032091ffad4d9cddd379817db18) Importer(815301076,1909f56bfc062723c751e8b465ee728b)  -> (artifact id: '9fd48c98412d16426cd5606e8167519f') in 0.023739 seconds 
  Import took 0.047821 seconds .

========================================================================
Received Prepare
Registering precompiled user dll's ...
Registered in 0.007181 seconds.
Begin MonoManager ReloadAssembly
Native extension for WindowsStandalone target not found
Native extension for WebGL target not found
Refreshing native plugins compatible for Editor in 0.73 ms, found 3 plugins.
Preloading 0 native plugins for Editor in 0.00 ms.
Mono: successfully reloaded assembly
- Completed reload, in  2.127 seconds
Domain Reload Profiling:
	ReloadAssembly (2130ms)
		BeginReloadAssembly (493ms)
			ExecutionOrderSort (0ms)
			DisableScriptedObjects (114ms)
			BackupInstance (0ms)
			ReleaseScriptingObjects (0ms)
			CreateAndSetChildDomain (215ms)
		EndReloadAssembly (1478ms)
			LoadAssemblies (205ms)
			RebuildTransferFunctionScriptingTraits (0ms)
			SetupTypeCache (718ms)
			ReleaseScriptCaches (2ms)
			RebuildScriptCaches (56ms)
			SetupLoadedEditorAssemblies (386ms)
				LogAssemblyErrors (0ms)
				InitializePlatformSupportModulesInManaged (6ms)
				SetLoadedEditorAssemblies (1ms)
				RefreshPlugins (1ms)
				BeforeProcessingInitializeOnLoad (94ms)
				ProcessInitializeOnLoadAttributes (255ms)
				ProcessInitializeOnLoadMethodAttributes (13ms)
				AfterProcessingInitializeOnLoad (16ms)
				EditorAssembliesLoaded (0ms)
			ExecutionOrderSort2 (0ms)
			AwakeInstancesAfterBackupRestoration (19ms)
Platform modules already initialized, skipping
Refreshing native plugins compatible for Editor in 2.11 ms, found 3 plugins.
Preloading 0 native plugins for Editor in 0.00 ms.
Unloading 2178 Unused Serialized files (Serialized files now loaded: 0)
System memory in use before: 100.6 MB.
System memory in use after: 100.7 MB.

Unloading 17 unused Assets to reduce memory usage. Loaded Objects now: 2658.
Total: 5.100800 ms (FindLiveObjects: 0.256100 ms CreateObjectMapping: 0.116000 ms MarkObjects: 4.703400 ms  DeleteObjects: 0.023500 ms)

AssetImportParameters requested are different than current active one (requested -> active):
  custom:framework-win-MediaFoundation: 216162199b28c13a410421893ffa2e32 -> 
  custom:video-decoder-ogg-theora: a1e56fd34408186e4bbccfd4996cb3dc -> 
  custom:container-muxer-webm: aa71ff27fc2769a1b78a27578f13a17b -> 
  custom:container-demuxer-webm: 4f35f7cbe854078d1ac9338744f61a02 -> 
  custom:container-demuxer-ogg: 62fdf1f143b41e24485cea50d1cbac27 -> 
  custom:video-encoder-webm-vp8: eb34c28f22e8b96e1ab97ce403110664 -> 
  custom:video-decoder-webm-vp8: 9c59270c3fd7afecdb556c50c9e8de78 -> 
  custom:audio-decoder-ogg-vorbis: bf7c407c2cedff20999df2af8eb42d56 -> 
  custom:audio-encoder-webm-vorbis: bf7c407c2cedff20999df2af8eb42d56 -> 
========================================================================
Received Prepare
Registering precompiled user dll's ...
Registered in 0.003793 seconds.
Begin MonoManager ReloadAssembly
Native extension for WindowsStandalone target not found
Native extension for WebGL target not found
Refreshing native plugins compatible for Editor in 0.56 ms, found 3 plugins.
Preloading 0 native plugins for Editor in 0.00 ms.
Mono: successfully reloaded assembly
- Completed reload, in  1.258 seconds
Domain Reload Profiling:
	ReloadAssembly (1258ms)
		BeginReloadAssembly (167ms)
			ExecutionOrderSort (0ms)
			DisableScriptedObjects (9ms)
			BackupInstance (0ms)
			ReleaseScriptingObjects (0ms)
			CreateAndSetChildDomain (56ms)
		EndReloadAssembly (1017ms)
			LoadAssemblies (122ms)
			RebuildTransferFunctionScriptingTraits (0ms)
			SetupTypeCache (389ms)
			ReleaseScriptCaches (1ms)
			RebuildScriptCaches (53ms)
			SetupLoadedEditorAssemblies (341ms)
				LogAssemblyErrors (0ms)
				InitializePlatformSupportModulesInManaged (6ms)
				SetLoadedEditorAssemblies (0ms)
				RefreshPlugins (1ms)
				BeforeProcessingInitializeOnLoad (94ms)
				ProcessInitializeOnLoadAttributes (220ms)
				ProcessInitializeOnLoadMethodAttributes (13ms)
				AfterProcessingInitializeOnLoad (7ms)
				EditorAssembliesLoaded (0ms)
			ExecutionOrderSort2 (0ms)
			AwakeInstancesAfterBackupRestoration (10ms)
Platform modules already initialized, skipping
Refreshing native plugins compatible for Editor in 0.58 ms, found 3 plugins.
Preloading 0 native plugins for Editor in 0.00 ms.
Unloading 2178 Unused Serialized files (Serialized files now loaded: 0)
System memory in use before: 100.6 MB.
System memory in use after: 100.8 MB.

Unloading 17 unused Assets to reduce memory usage. Loaded Objects now: 2660.
Total: 3.929100 ms (FindLiveObjects: 0.216300 ms CreateObjectMapping: 0.101400 ms MarkObjects: 3.541800 ms  DeleteObjects: 0.068400 ms)

AssetImportParameters requested are different than current active one (requested -> active):
  custom:framework-win-MediaFoundation: 216162199b28c13a410421893ffa2e32 -> 
  custom:video-decoder-ogg-theora: a1e56fd34408186e4bbccfd4996cb3dc -> 
  custom:container-muxer-webm: aa71ff27fc2769a1b78a27578f13a17b -> 
  custom:container-demuxer-webm: 4f35f7cbe854078d1ac9338744f61a02 -> 
  custom:container-demuxer-ogg: 62fdf1f143b41e24485cea50d1cbac27 -> 
  custom:video-encoder-webm-vp8: eb34c28f22e8b96e1ab97ce403110664 -> 
  custom:video-decoder-webm-vp8: 9c59270c3fd7afecdb556c50c9e8de78 -> 
  custom:audio-decoder-ogg-vorbis: bf7c407c2cedff20999df2af8eb42d56 -> 
  custom:audio-encoder-webm-vorbis: bf7c407c2cedff20999df2af8eb42d56 -> 
========================================================================
Received Prepare
Registering precompiled user dll's ...
Registered in 0.004052 seconds.
Begin MonoManager ReloadAssembly
Native extension for WindowsStandalone target not found
Native extension for WebGL target not found
Refreshing native plugins compatible for Editor in 0.71 ms, found 3 plugins.
Preloading 0 native plugins for Editor in 0.00 ms.
Mono: successfully reloaded assembly
- Completed reload, in  1.263 seconds
Domain Reload Profiling:
	ReloadAssembly (1264ms)
		BeginReloadAssembly (137ms)
			ExecutionOrderSort (0ms)
			DisableScriptedObjects (7ms)
			BackupInstance (0ms)
			ReleaseScriptingObjects (0ms)
			CreateAndSetChildDomain (41ms)
		EndReloadAssembly (1056ms)
			LoadAssemblies (107ms)
			RebuildTransferFunctionScriptingTraits (0ms)
			SetupTypeCache (350ms)
			ReleaseScriptCaches (1ms)
			RebuildScriptCaches (82ms)
			SetupLoadedEditorAssemblies (397ms)
				LogAssemblyErrors (0ms)
				InitializePlatformSupportModulesInManaged (7ms)
				SetLoadedEditorAssemblies (1ms)
				RefreshPlugins (1ms)
				BeforeProcessingInitializeOnLoad (103ms)
				ProcessInitializeOnLoadAttributes (264ms)
				ProcessInitializeOnLoadMethodAttributes (12ms)
				AfterProcessingInitializeOnLoad (8ms)
				EditorAssembliesLoaded (0ms)
			ExecutionOrderSort2 (0ms)
			AwakeInstancesAfterBackupRestoration (11ms)
Platform modules already initialized, skipping
Refreshing native plugins compatible for Editor in 0.61 ms, found 3 plugins.
Preloading 0 native plugins for Editor in 0.00 ms.
Unloading 2178 Unused Serialized files (Serialized files now loaded: 0)
System memory in use before: 100.7 MB.
System memory in use after: 100.8 MB.

Unloading 17 unused Assets to reduce memory usage. Loaded Objects now: 2662.
Total: 4.748400 ms (FindLiveObjects: 0.273200 ms CreateObjectMapping: 0.128900 ms MarkObjects: 4.308200 ms  DeleteObjects: 0.036500 ms)

AssetImportParameters requested are different than current active one (requested -> active):
  custom:framework-win-MediaFoundation: 216162199b28c13a410421893ffa2e32 -> 
  custom:video-decoder-ogg-theora: a1e56fd34408186e4bbccfd4996cb3dc -> 
  custom:container-muxer-webm: aa71ff27fc2769a1b78a27578f13a17b -> 
  custom:container-demuxer-webm: 4f35f7cbe854078d1ac9338744f61a02 -> 
  custom:container-demuxer-ogg: 62fdf1f143b41e24485cea50d1cbac27 -> 
  custom:video-encoder-webm-vp8: eb34c28f22e8b96e1ab97ce403110664 -> 
  custom:video-decoder-webm-vp8: 9c59270c3fd7afecdb556c50c9e8de78 -> 
  custom:audio-decoder-ogg-vorbis: bf7c407c2cedff20999df2af8eb42d56 -> 
  custom:audio-encoder-webm-vorbis: bf7c407c2cedff20999df2af8eb42d56 -> 
========================================================================
Received Prepare
Registering precompiled user dll's ...
Registered in 0.004306 seconds.
Begin MonoManager ReloadAssembly
Native extension for WindowsStandalone target not found
Native extension for WebGL target not found
Refreshing native plugins compatible for Editor in 0.55 ms, found 3 plugins.
Preloading 0 native plugins for Editor in 0.00 ms.
Mono: successfully reloaded assembly
- Completed reload, in  1.256 seconds
Domain Reload Profiling:
	ReloadAssembly (1257ms)
		BeginReloadAssembly (134ms)
			ExecutionOrderSort (0ms)
			DisableScriptedObjects (7ms)
			BackupInstance (0ms)
			ReleaseScriptingObjects (0ms)
			CreateAndSetChildDomain (46ms)
		EndReloadAssembly (1037ms)
			LoadAssemblies (115ms)
			RebuildTransferFunctionScriptingTraits (0ms)
			SetupTypeCache (404ms)
			ReleaseScriptCaches (1ms)
			RebuildScriptCaches (50ms)
			SetupLoadedEditorAssemblies (354ms)
				LogAssemblyErrors (0ms)
				InitializePlatformSupportModulesInManaged (7ms)
				SetLoadedEditorAssemblies (1ms)
				RefreshPlugins (1ms)
				BeforeProcessingInitializeOnLoad (95ms)
				ProcessInitializeOnLoadAttributes (232ms)
				ProcessInitializeOnLoadMethodAttributes (12ms)
				AfterProcessingInitializeOnLoad (8ms)
				EditorAssembliesLoaded (0ms)
			ExecutionOrderSort2 (0ms)
			AwakeInstancesAfterBackupRestoration (10ms)
Platform modules already initialized, skipping
Refreshing native plugins compatible for Editor in 0.64 ms, found 3 plugins.
Preloading 0 native plugins for Editor in 0.00 ms.
Unloading 2178 Unused Serialized files (Serialized files now loaded: 0)
System memory in use before: 100.7 MB.
System memory in use after: 100.8 MB.

Unloading 17 unused Assets to reduce memory usage. Loaded Objects now: 2664.
Total: 3.755000 ms (FindLiveObjects: 0.205000 ms CreateObjectMapping: 0.097000 ms MarkObjects: 3.432800 ms  DeleteObjects: 0.019100 ms)

AssetImportParameters requested are different than current active one (requested -> active):
  custom:framework-win-MediaFoundation: 216162199b28c13a410421893ffa2e32 -> 
  custom:video-decoder-ogg-theora: a1e56fd34408186e4bbccfd4996cb3dc -> 
  custom:container-muxer-webm: aa71ff27fc2769a1b78a27578f13a17b -> 
  custom:container-demuxer-webm: 4f35f7cbe854078d1ac9338744f61a02 -> 
  custom:container-demuxer-ogg: 62fdf1f143b41e24485cea50d1cbac27 -> 
  custom:video-encoder-webm-vp8: eb34c28f22e8b96e1ab97ce403110664 -> 
  custom:video-decoder-webm-vp8: 9c59270c3fd7afecdb556c50c9e8de78 -> 
  custom:audio-decoder-ogg-vorbis: bf7c407c2cedff20999df2af8eb42d56 -> 
  custom:audio-encoder-webm-vorbis: bf7c407c2cedff20999df2af8eb42d56 -> 
========================================================================
Received Prepare
Registering precompiled user dll's ...
Registered in 0.003989 seconds.
Begin MonoManager ReloadAssembly
Native extension for WindowsStandalone target not found
Native extension for WebGL target not found
Refreshing native plugins compatible for Editor in 0.65 ms, found 3 plugins.
Preloading 0 native plugins for Editor in 0.00 ms.
Mono: successfully reloaded assembly
- Completed reload, in  1.291 seconds
Domain Reload Profiling:
	ReloadAssembly (1291ms)
		BeginReloadAssembly (134ms)
			ExecutionOrderSort (0ms)
			DisableScriptedObjects (8ms)
			BackupInstance (0ms)
			ReleaseScriptingObjects (0ms)
			CreateAndSetChildDomain (42ms)
		EndReloadAssembly (1076ms)
			LoadAssemblies (117ms)
			RebuildTransferFunctionScriptingTraits (0ms)
			SetupTypeCache (420ms)
			ReleaseScriptCaches (1ms)
			RebuildScriptCaches (62ms)
			SetupLoadedEditorAssemblies (364ms)
				LogAssemblyErrors (0ms)
				InitializePlatformSupportModulesInManaged (7ms)
				SetLoadedEditorAssemblies (1ms)
				RefreshPlugins (1ms)
				BeforeProcessingInitializeOnLoad (98ms)
				ProcessInitializeOnLoadAttributes (237ms)
				ProcessInitializeOnLoadMethodAttributes (11ms)
				AfterProcessingInitializeOnLoad (9ms)
				EditorAssembliesLoaded (0ms)
			ExecutionOrderSort2 (0ms)
			AwakeInstancesAfterBackupRestoration (10ms)
Platform modules already initialized, skipping
Refreshing native plugins compatible for Editor in 0.63 ms, found 3 plugins.
Preloading 0 native plugins for Editor in 0.00 ms.
Unloading 2178 Unused Serialized files (Serialized files now loaded: 0)
System memory in use before: 100.7 MB.
System memory in use after: 100.8 MB.

Unloading 17 unused Assets to reduce memory usage. Loaded Objects now: 2666.
Total: 3.805000 ms (FindLiveObjects: 0.202800 ms CreateObjectMapping: 0.086500 ms MarkObjects: 3.477400 ms  DeleteObjects: 0.037500 ms)

AssetImportParameters requested are different than current active one (requested -> active):
  custom:framework-win-MediaFoundation: 216162199b28c13a410421893ffa2e32 -> 
  custom:video-decoder-ogg-theora: a1e56fd34408186e4bbccfd4996cb3dc -> 
  custom:container-muxer-webm: aa71ff27fc2769a1b78a27578f13a17b -> 
  custom:container-demuxer-webm: 4f35f7cbe854078d1ac9338744f61a02 -> 
  custom:container-demuxer-ogg: 62fdf1f143b41e24485cea50d1cbac27 -> 
  custom:video-encoder-webm-vp8: eb34c28f22e8b96e1ab97ce403110664 -> 
  custom:video-decoder-webm-vp8: 9c59270c3fd7afecdb556c50c9e8de78 -> 
  custom:audio-decoder-ogg-vorbis: bf7c407c2cedff20999df2af8eb42d56 -> 
  custom:audio-encoder-webm-vorbis: bf7c407c2cedff20999df2af8eb42d56 -> 
========================================================================
Received Prepare
Registering precompiled user dll's ...
Registered in 0.004281 seconds.
Begin MonoManager ReloadAssembly
Native extension for WindowsStandalone target not found
Native extension for WebGL target not found
Refreshing native plugins compatible for Editor in 0.59 ms, found 3 plugins.
Preloading 0 native plugins for Editor in 0.00 ms.
Mono: successfully reloaded assembly
- Completed reload, in  1.257 seconds
Domain Reload Profiling:
	ReloadAssembly (1257ms)
		BeginReloadAssembly (139ms)
			ExecutionOrderSort (0ms)
			DisableScriptedObjects (9ms)
			BackupInstance (0ms)
			ReleaseScriptingObjects (0ms)
			CreateAndSetChildDomain (39ms)
		EndReloadAssembly (1047ms)
			LoadAssemblies (105ms)
			RebuildTransferFunctionScriptingTraits (0ms)
			SetupTypeCache (414ms)
			ReleaseScriptCaches (1ms)
			RebuildScriptCaches (49ms)
			SetupLoadedEditorAssemblies (363ms)
				LogAssemblyErrors (0ms)
				InitializePlatformSupportModulesInManaged (7ms)
				SetLoadedEditorAssemblies (0ms)
				RefreshPlugins (1ms)
				BeforeProcessingInitializeOnLoad (93ms)
				ProcessInitializeOnLoadAttributes (242ms)
				ProcessInitializeOnLoadMethodAttributes (12ms)
				AfterProcessingInitializeOnLoad (7ms)
				EditorAssembliesLoaded (0ms)
			ExecutionOrderSort2 (0ms)
			AwakeInstancesAfterBackupRestoration (10ms)
Platform modules already initialized, skipping
Refreshing native plugins compatible for Editor in 0.59 ms, found 3 plugins.
Preloading 0 native plugins for Editor in 0.00 ms.
Unloading 2178 Unused Serialized files (Serialized files now loaded: 0)
System memory in use before: 100.7 MB.
System memory in use after: 100.8 MB.

Unloading 17 unused Assets to reduce memory usage. Loaded Objects now: 2668.
Total: 3.966200 ms (FindLiveObjects: 0.209800 ms CreateObjectMapping: 0.091700 ms MarkObjects: 3.621700 ms  DeleteObjects: 0.041900 ms)

AssetImportParameters requested are different than current active one (requested -> active):
  custom:framework-win-MediaFoundation: 216162199b28c13a410421893ffa2e32 -> 
  custom:video-decoder-ogg-theora: a1e56fd34408186e4bbccfd4996cb3dc -> 
  custom:container-muxer-webm: aa71ff27fc2769a1b78a27578f13a17b -> 
  custom:container-demuxer-webm: 4f35f7cbe854078d1ac9338744f61a02 -> 
  custom:container-demuxer-ogg: 62fdf1f143b41e24485cea50d1cbac27 -> 
  custom:video-encoder-webm-vp8: eb34c28f22e8b96e1ab97ce403110664 -> 
  custom:video-decoder-webm-vp8: 9c59270c3fd7afecdb556c50c9e8de78 -> 
  custom:audio-decoder-ogg-vorbis: bf7c407c2cedff20999df2af8eb42d56 -> 
  custom:audio-encoder-webm-vorbis: bf7c407c2cedff20999df2af8eb42d56 -> 
========================================================================
Received Import Request.
  Time since last request: 3562.501101 seconds.
  path: Assets/Resources/Sprites/world
  artifactKey: Guid(e5cb7175da14d04438b4adc3af3a1423) Importer(815301076,1909f56bfc062723c751e8b465ee728b)
Start importing Assets/Resources/Sprites/world using Guid(e5cb7175da14d04438b4adc3af3a1423) Importer(815301076,1909f56bfc062723c751e8b465ee728b)  -> (artifact id: 'd0567ccdbbef9eec9b6cf19d036a25e9') in 0.015083 seconds 
  Import took 0.058983 seconds .

========================================================================
Received Import Request.
  Time since last request: 10.696148 seconds.
  path: Assets/Resources/Sprites/Bullet
  artifactKey: Guid(2dec4acbb8572964687fbd71676b938f) Importer(815301076,1909f56bfc062723c751e8b465ee728b)
Start importing Assets/Resources/Sprites/Bullet using Guid(2dec4acbb8572964687fbd71676b938f) Importer(815301076,1909f56bfc062723c751e8b465ee728b)  -> (artifact id: '6df529523f675bab85ae7ca97a4b26f1') in 0.009376 seconds 
  Import took 0.026731 seconds .

========================================================================
Received Import Request.
  Time since last request: 12.655864 seconds.
  path: Assets/Resources/Sprites/Bullet/normal bullet
  artifactKey: Guid(495bdd864a1e6d941999e8cf762a9de8) Importer(815301076,1909f56bfc062723c751e8b465ee728b)
Start importing Assets/Resources/Sprites/Bullet/normal bullet using Guid(495bdd864a1e6d941999e8cf762a9de8) Importer(815301076,1909f56bfc062723c751e8b465ee728b)  -> (artifact id: '36f8bc9e52aadc60e653c1fb5d856038') in 0.008687 seconds 
  Import took 0.049122 seconds .

========================================================================
Received Import Request.
  Time since last request: 1.071042 seconds.
  path: Assets/Resources/Sprites/Bullet/normal bullet/normal_bullet_1.png
  artifactKey: Guid(2db19b1df61ba3b4dba7d32ce604f091) Importer(815301076,1909f56bfc062723c751e8b465ee728b)
Start importing Assets/Resources/Sprites/Bullet/normal bullet/normal_bullet_1.png using Guid(2db19b1df61ba3b4dba7d32ce604f091) Importer(815301076,1909f56bfc062723c751e8b465ee728b)  -> (artifact id: '23caba9f74081b861ebd23379e3a4d94') in 0.104248 seconds 
  Import took 0.149768 seconds .

========================================================================
Received Import Request.
  Time since last request: 0.000325 seconds.
  path: Assets/Resources/Sprites/Bullet/normal bullet/normal_bullet_2.png
  artifactKey: Guid(921347f51f7f41d499854b2ae1464827) Importer(815301076,1909f56bfc062723c751e8b465ee728b)
Start importing Assets/Resources/Sprites/Bullet/normal bullet/normal_bullet_2.png using Guid(921347f51f7f41d499854b2ae1464827) Importer(815301076,1909f56bfc062723c751e8b465ee728b)  -> (artifact id: '693eb2b7b520594499d2090c91733e4e') in 0.031675 seconds 
  Import took 0.036364 seconds .

========================================================================
Received Import Request.
  Time since last request: 0.000331 seconds.
  path: Assets/Resources/Sprites/Bullet/normal bullet/normal_bullet_4.png
  artifactKey: Guid(8a97eb462e9299b4989d0b2b37fd5a26) Importer(815301076,1909f56bfc062723c751e8b465ee728b)
Start importing Assets/Resources/Sprites/Bullet/normal bullet/normal_bullet_4.png using Guid(8a97eb462e9299b4989d0b2b37fd5a26) Importer(815301076,1909f56bfc062723c751e8b465ee728b)  -> (artifact id: '06f987a2238a113e3f3d1bab2c39531c') in 0.024843 seconds 
  Import took 0.080367 seconds .

========================================================================
Received Import Request.
  Time since last request: 0.000447 seconds.
  path: Assets/Resources/Sprites/Bullet/normal bullet/normal_bullet_7.png
  artifactKey: Guid(1345fdc0f35d22d4ab355a570b06bbd8) Importer(815301076,1909f56bfc062723c751e8b465ee728b)
Start importing Assets/Resources/Sprites/Bullet/normal bullet/normal_bullet_7.png using Guid(1345fdc0f35d22d4ab355a570b06bbd8) Importer(815301076,1909f56bfc062723c751e8b465ee728b)  -> (artifact id: '637146c4d265d6d1c27f41c76348f32f') in 0.020985 seconds 
  Import took 0.055697 seconds .

========================================================================
Received Import Request.
  Time since last request: 0.000347 seconds.
  path: Assets/Resources/Sprites/Bullet/normal bullet/normal_bullet_6.png
  artifactKey: Guid(b7316d1dd85b4a4439c306e75d57daa8) Importer(815301076,1909f56bfc062723c751e8b465ee728b)
Start importing Assets/Resources/Sprites/Bullet/normal bullet/normal_bullet_6.png using Guid(b7316d1dd85b4a4439c306e75d57daa8) Importer(815301076,1909f56bfc062723c751e8b465ee728b)  -> (artifact id: '0b149bc1b69dd82ab5c697ba31b06626') in 0.019375 seconds 
  Import took 0.033405 seconds .

========================================================================
Received Import Request.
  Time since last request: 0.000296 seconds.
  path: Assets/Resources/Sprites/Bullet/normal bullet/normal_bullet_8.png
  artifactKey: Guid(1b1b3b54379e5934c86e31ceedd40fb4) Importer(815301076,1909f56bfc062723c751e8b465ee728b)
Start importing Assets/Resources/Sprites/Bullet/normal bullet/normal_bullet_8.png using Guid(1b1b3b54379e5934c86e31ceedd40fb4) Importer(815301076,1909f56bfc062723c751e8b465ee728b)  -> (artifact id: 'c0d0e4d8bf7ed2d7e15b59f49fe57483') in 0.033562 seconds 
  Import took 0.037955 seconds .

========================================================================
Received Import Request.
  Time since last request: 0.000378 seconds.
  path: Assets/Resources/Sprites/Bullet/normal bullet/normal_bullet_5.png
  artifactKey: Guid(bf339f55ff90b9746a43ec775cbaf1bc) Importer(815301076,1909f56bfc062723c751e8b465ee728b)
Start importing Assets/Resources/Sprites/Bullet/normal bullet/normal_bullet_5.png using Guid(bf339f55ff90b9746a43ec775cbaf1bc) Importer(815301076,1909f56bfc062723c751e8b465ee728b)  -> (artifact id: 'b9dc73a9fce5c33da9555ed81b91cfce') in 0.045052 seconds 
  Import took 0.055658 seconds .

========================================================================
Received Import Request.
  Time since last request: 0.000335 seconds.
  path: Assets/Resources/Sprites/Bullet/normal bullet/normal_bullet_3.png
  artifactKey: Guid(4af0921cb453181488eb561bfaee055d) Importer(815301076,1909f56bfc062723c751e8b465ee728b)
Start importing Assets/Resources/Sprites/Bullet/normal bullet/normal_bullet_3.png using Guid(4af0921cb453181488eb561bfaee055d) Importer(815301076,1909f56bfc062723c751e8b465ee728b)  -> (artifact id: 'dd645a6dab4581d3f9b52b4cc8677bc6') in 0.027434 seconds 
  Import took 0.075378 seconds .

========================================================================
Received Import Request.
  Time since last request: 28.718756 seconds.
  path: Assets/Resources/Sprites/Bullet/normal bullet/normal_bullet_1.png
  artifactKey: Guid(2db19b1df61ba3b4dba7d32ce604f091) Importer(815301076,1909f56bfc062723c751e8b465ee728b)
Start importing Assets/Resources/Sprites/Bullet/normal bullet/normal_bullet_1.png using Guid(2db19b1df61ba3b4dba7d32ce604f091) Importer(815301076,1909f56bfc062723c751e8b465ee728b)  -> (artifact id: '0f82b8f93227e6d52d4df94511b7ee39') in 0.023976 seconds 
  Import took 0.074134 seconds .

========================================================================
Received Import Request.
  Time since last request: 32.440197 seconds.
  path: Assets/Resources/Sprites/Bullet/normal bullet/normal_bullet_2.png
  artifactKey: Guid(921347f51f7f41d499854b2ae1464827) Importer(815301076,1909f56bfc062723c751e8b465ee728b)
Start importing Assets/Resources/Sprites/Bullet/normal bullet/normal_bullet_2.png using Guid(921347f51f7f41d499854b2ae1464827) Importer(815301076,1909f56bfc062723c751e8b465ee728b)  -> (artifact id: '83543c669a3dc31ba6ac9696fdc5cb5a') in 0.014753 seconds 
  Import took 0.053312 seconds .

========================================================================
Received Import Request.
  Time since last request: 25.986031 seconds.
  path: Assets/Resources/Sprites/Bullet/normal bullet/normal_bullet_1.png
  artifactKey: Guid(2db19b1df61ba3b4dba7d32ce604f091) Importer(815301076,1909f56bfc062723c751e8b465ee728b)
Start importing Assets/Resources/Sprites/Bullet/normal bullet/normal_bullet_1.png using Guid(2db19b1df61ba3b4dba7d32ce604f091) Importer(815301076,1909f56bfc062723c751e8b465ee728b)  -> (artifact id: '7c7d0102d83670277154be27f6e58a4a') in 0.028489 seconds 
  Import took 0.091557 seconds .

========================================================================
Received Import Request.
  Time since last request: 43.219476 seconds.
  path: Assets/Resources/Sprites/Bullet/normal bullet/normal_bullet_3.png
  artifactKey: Guid(4af0921cb453181488eb561bfaee055d) Importer(815301076,1909f56bfc062723c751e8b465ee728b)
Start importing Assets/Resources/Sprites/Bullet/normal bullet/normal_bullet_3.png using Guid(4af0921cb453181488eb561bfaee055d) Importer(815301076,1909f56bfc062723c751e8b465ee728b)  -> (artifact id: '098d65cc5d4d4624dd54798a5c961768') in 0.013366 seconds 
  Import took 0.050748 seconds .

========================================================================
Received Import Request.
  Time since last request: 109.367756 seconds.
  path: Assets/Resources/Sprites/Bullet/normal bullet/normal_bullet_4.png
  artifactKey: Guid(8a97eb462e9299b4989d0b2b37fd5a26) Importer(815301076,1909f56bfc062723c751e8b465ee728b)
Start importing Assets/Resources/Sprites/Bullet/normal bullet/normal_bullet_4.png using Guid(8a97eb462e9299b4989d0b2b37fd5a26) Importer(815301076,1909f56bfc062723c751e8b465ee728b)  -> (artifact id: '6ebb4e668249a0c9d4fbc87c010a0e53') in 0.018503 seconds 
  Import took 0.347095 seconds .

========================================================================
Received Import Request.
  Time since last request: 27.945231 seconds.
  path: Assets/Resources/Sprites/Bullet/normal bullet/normal_bullet_5.png
  artifactKey: Guid(bf339f55ff90b9746a43ec775cbaf1bc) Importer(815301076,1909f56bfc062723c751e8b465ee728b)
Start importing Assets/Resources/Sprites/Bullet/normal bullet/normal_bullet_5.png using Guid(bf339f55ff90b9746a43ec775cbaf1bc) Importer(815301076,1909f56bfc062723c751e8b465ee728b)  -> (artifact id: '5a581ea00c55d13fc49ec6e5015df41a') in 0.023615 seconds 
  Import took 0.062654 seconds .

========================================================================
Received Import Request.
  Time since last request: 24.668412 seconds.
  path: Assets/Resources/Sprites/Bullet/normal bullet/normal_bullet_6.png
  artifactKey: Guid(b7316d1dd85b4a4439c306e75d57daa8) Importer(815301076,1909f56bfc062723c751e8b465ee728b)
Start importing Assets/Resources/Sprites/Bullet/normal bullet/normal_bullet_6.png using Guid(b7316d1dd85b4a4439c306e75d57daa8) Importer(815301076,1909f56bfc062723c751e8b465ee728b)  -> (artifact id: '1440b451eead67e72df645db9fb340b5') in 0.355429 seconds 
  Import took 0.392842 seconds .

========================================================================
Received Import Request.
  Time since last request: 16.958751 seconds.
  path: Assets/Resources/Sprites/Bullet/normal bullet/normal_bullet_7.png
  artifactKey: Guid(1345fdc0f35d22d4ab355a570b06bbd8) Importer(815301076,1909f56bfc062723c751e8b465ee728b)
Start importing Assets/Resources/Sprites/Bullet/normal bullet/normal_bullet_7.png using Guid(1345fdc0f35d22d4ab355a570b06bbd8) Importer(815301076,1909f56bfc062723c751e8b465ee728b)  -> (artifact id: '93a0b6d80e006cd852824355c12eb5d7') in 0.016748 seconds 
  Import took 0.041580 seconds .

========================================================================
Received Import Request.
  Time since last request: 17.122661 seconds.
  path: Assets/Resources/Sprites/Bullet/normal bullet/normal_bullet_8.png
  artifactKey: Guid(1b1b3b54379e5934c86e31ceedd40fb4) Importer(815301076,1909f56bfc062723c751e8b465ee728b)
Start importing Assets/Resources/Sprites/Bullet/normal bullet/normal_bullet_8.png using Guid(1b1b3b54379e5934c86e31ceedd40fb4) Importer(815301076,1909f56bfc062723c751e8b465ee728b)  -> (artifact id: '33799a51dd009949df24fc7742aa5266') in 0.016151 seconds 
  Import took 0.051049 seconds .

========================================================================
Received Import Request.
  Time since last request: 58.960936 seconds.
  path: Assets/Resources/Sprites/Bullet/normal bullet/Bullet.controller
  artifactKey: Guid(75965be41c1117a4ab066f34c53a8da5) Importer(815301076,1909f56bfc062723c751e8b465ee728b)
Start importing Assets/Resources/Sprites/Bullet/normal bullet/Bullet.controller using Guid(75965be41c1117a4ab066f34c53a8da5) Importer(815301076,1909f56bfc062723c751e8b465ee728b)  -> (artifact id: '1030494bb5189a256db2a3061c14bd15') in 0.016699 seconds 
  Import took 0.042672 seconds .

========================================================================
Received Import Request.
  Time since last request: 23.522767 seconds.
  path: Assets/Resources/Sprites/Bullet/normal bullet/Fire.anim
  artifactKey: Guid(66a3a777a296d4743befd905683ac759) Importer(815301076,1909f56bfc062723c751e8b465ee728b)
Start importing Assets/Resources/Sprites/Bullet/normal bullet/Fire.anim using Guid(66a3a777a296d4743befd905683ac759) Importer(815301076,1909f56bfc062723c751e8b465ee728b)  -> (artifact id: 'c24442da824f4f805880c76894c840d7') in 0.012827 seconds 
  Import took 0.017622 seconds .

========================================================================
Received Import Request.
  Time since last request: 277.832383 seconds.
  path: ProjectSettings/TagManager.asset
  artifactKey: Guid(00000000000000003000000000000000) Importer(815301076,1909f56bfc062723c751e8b465ee728b)
Start importing ProjectSettings/TagManager.asset using Guid(00000000000000003000000000000000) Importer(815301076,1909f56bfc062723c751e8b465ee728b)  -> (artifact id: '1ccfd738a64e9077600a854610482f09') in 0.011023 seconds 
  Import took 0.027204 seconds .

========================================================================
Received Import Request.
  Time since last request: 224.050294 seconds.
  path: Assets/Resources/Scripts/ObjectManager.cs
  artifactKey: Guid(e24ed0819c9ae894d9c1570f69db3e8b) Importer(815301076,1909f56bfc062723c751e8b465ee728b)
Start importing Assets/Resources/Scripts/ObjectManager.cs using Guid(e24ed0819c9ae894d9c1570f69db3e8b) Importer(815301076,1909f56bfc062723c751e8b465ee728b)  -> (artifact id: 'c6e6fb2303684d210e3d6ff615580b9f') in 0.010598 seconds 
  Import took 0.036564 seconds .

========================================================================
Received Prepare
Registering precompiled user dll's ...
Registered in 0.042106 seconds.
Begin MonoManager ReloadAssembly
Native extension for WindowsStandalone target not found
Native extension for WebGL target not found
Refreshing native plugins compatible for Editor in 0.72 ms, found 3 plugins.
Preloading 0 native plugins for Editor in 0.00 ms.
Mono: successfully reloaded assembly
- Completed reload, in  1.488 seconds
Domain Reload Profiling:
	ReloadAssembly (1488ms)
		BeginReloadAssembly (161ms)
			ExecutionOrderSort (0ms)
			DisableScriptedObjects (7ms)
			BackupInstance (0ms)
			ReleaseScriptingObjects (0ms)
			CreateAndSetChildDomain (62ms)
		EndReloadAssembly (1107ms)
			LoadAssemblies (118ms)
			RebuildTransferFunctionScriptingTraits (0ms)
			SetupTypeCache (415ms)
			ReleaseScriptCaches (1ms)
			RebuildScriptCaches (53ms)
			SetupLoadedEditorAssemblies (386ms)
				LogAssemblyErrors (0ms)
				InitializePlatformSupportModulesInManaged (8ms)
				SetLoadedEditorAssemblies (1ms)
				RefreshPlugins (1ms)
				BeforeProcessingInitializeOnLoad (110ms)
				ProcessInitializeOnLoadAttributes (245ms)
				ProcessInitializeOnLoadMethodAttributes (13ms)
				AfterProcessingInitializeOnLoad (8ms)
				EditorAssembliesLoaded (0ms)
			ExecutionOrderSort2 (0ms)
			AwakeInstancesAfterBackupRestoration (12ms)
Platform modules already initialized, skipping
Refreshing native plugins compatible for Editor in 0.56 ms, found 3 plugins.
Preloading 0 native plugins for Editor in 0.00 ms.
Unloading 2179 Unused Serialized files (Serialized files now loaded: 0)
System memory in use before: 100.8 MB.
System memory in use after: 101.0 MB.

Unloading 18 unused Assets to reduce memory usage. Loaded Objects now: 2678.
Total: 5.920500 ms (FindLiveObjects: 0.200800 ms CreateObjectMapping: 0.149700 ms MarkObjects: 5.507800 ms  DeleteObjects: 0.060900 ms)

AssetImportParameters requested are different than current active one (requested -> active):
  custom:framework-win-MediaFoundation: 216162199b28c13a410421893ffa2e32 -> 
  custom:video-decoder-ogg-theora: a1e56fd34408186e4bbccfd4996cb3dc -> 
  custom:container-muxer-webm: aa71ff27fc2769a1b78a27578f13a17b -> 
  custom:container-demuxer-webm: 4f35f7cbe854078d1ac9338744f61a02 -> 
  custom:container-demuxer-ogg: 62fdf1f143b41e24485cea50d1cbac27 -> 
  custom:video-encoder-webm-vp8: eb34c28f22e8b96e1ab97ce403110664 -> 
  custom:video-decoder-webm-vp8: 9c59270c3fd7afecdb556c50c9e8de78 -> 
  custom:audio-decoder-ogg-vorbis: bf7c407c2cedff20999df2af8eb42d56 -> 
  custom:audio-encoder-webm-vorbis: bf7c407c2cedff20999df2af8eb42d56 -> 
========================================================================
Received Prepare
Registering precompiled user dll's ...
Registered in 0.003813 seconds.
Begin MonoManager ReloadAssembly
Native extension for WindowsStandalone target not found
Native extension for WebGL target not found
Refreshing native plugins compatible for Editor in 0.68 ms, found 3 plugins.
Preloading 0 native plugins for Editor in 0.00 ms.
Mono: successfully reloaded assembly
- Completed reload, in  1.893 seconds
Domain Reload Profiling:
	ReloadAssembly (1893ms)
		BeginReloadAssembly (134ms)
			ExecutionOrderSort (0ms)
			DisableScriptedObjects (11ms)
			BackupInstance (0ms)
			ReleaseScriptingObjects (0ms)
			CreateAndSetChildDomain (44ms)
		EndReloadAssembly (1669ms)
			LoadAssemblies (136ms)
			RebuildTransferFunctionScriptingTraits (0ms)
			SetupTypeCache (697ms)
			ReleaseScriptCaches (1ms)
			RebuildScriptCaches (76ms)
			SetupLoadedEditorAssemblies (553ms)
				LogAssemblyErrors (0ms)
				InitializePlatformSupportModulesInManaged (11ms)
				SetLoadedEditorAssemblies (3ms)
				RefreshPlugins (1ms)
				BeforeProcessingInitializeOnLoad (139ms)
				ProcessInitializeOnLoadAttributes (369ms)
				ProcessInitializeOnLoadMethodAttributes (20ms)
				AfterProcessingInitializeOnLoad (10ms)
				EditorAssembliesLoaded (0ms)
			ExecutionOrderSort2 (0ms)
			AwakeInstancesAfterBackupRestoration (16ms)
Platform modules already initialized, skipping
Refreshing native plugins compatible for Editor in 0.88 ms, found 3 plugins.
Preloading 0 native plugins for Editor in 0.00 ms.
Unloading 2179 Unused Serialized files (Serialized files now loaded: 0)
System memory in use before: 100.9 MB.
System memory in use after: 101.0 MB.

Unloading 17 unused Assets to reduce memory usage. Loaded Objects now: 2680.
Total: 5.258200 ms (FindLiveObjects: 0.905600 ms CreateObjectMapping: 0.155500 ms MarkObjects: 4.172400 ms  DeleteObjects: 0.022800 ms)

AssetImportParameters requested are different than current active one (requested -> active):
  custom:framework-win-MediaFoundation: 216162199b28c13a410421893ffa2e32 -> 
  custom:video-decoder-ogg-theora: a1e56fd34408186e4bbccfd4996cb3dc -> 
  custom:container-muxer-webm: aa71ff27fc2769a1b78a27578f13a17b -> 
  custom:container-demuxer-webm: 4f35f7cbe854078d1ac9338744f61a02 -> 
  custom:container-demuxer-ogg: 62fdf1f143b41e24485cea50d1cbac27 -> 
  custom:video-encoder-webm-vp8: eb34c28f22e8b96e1ab97ce403110664 -> 
  custom:video-decoder-webm-vp8: 9c59270c3fd7afecdb556c50c9e8de78 -> 
  custom:audio-decoder-ogg-vorbis: bf7c407c2cedff20999df2af8eb42d56 -> 
  custom:audio-encoder-webm-vorbis: bf7c407c2cedff20999df2af8eb42d56 -> 
========================================================================
Received Import Request.
  Time since last request: 594.272409 seconds.
  path: Assets/Resources/Scripts/Prefab.cs
  artifactKey: Guid(b5f5c2bec063d1448a7465bfae1e99e1) Importer(815301076,1909f56bfc062723c751e8b465ee728b)
Start importing Assets/Resources/Scripts/Prefab.cs using Guid(b5f5c2bec063d1448a7465bfae1e99e1) Importer(815301076,1909f56bfc062723c751e8b465ee728b)  -> (artifact id: 'c3b8c493d4bd9dfa1475cb8195fd0893') in 0.021804 seconds 
  Import took 0.041626 seconds .

========================================================================
Received Prepare
Registering precompiled user dll's ...
Registered in 0.003871 seconds.
Begin MonoManager ReloadAssembly
Native extension for WindowsStandalone target not found
Native extension for WebGL target not found
Refreshing native plugins compatible for Editor in 0.66 ms, found 3 plugins.
Preloading 0 native plugins for Editor in 0.00 ms.
Mono: successfully reloaded assembly
- Completed reload, in  1.420 seconds
Domain Reload Profiling:
	ReloadAssembly (1420ms)
		BeginReloadAssembly (215ms)
			ExecutionOrderSort (0ms)
			DisableScriptedObjects (7ms)
			BackupInstance (0ms)
			ReleaseScriptingObjects (0ms)
			CreateAndSetChildDomain (79ms)
		EndReloadAssembly (1093ms)
			LoadAssemblies (137ms)
			RebuildTransferFunctionScriptingTraits (0ms)
			SetupTypeCache (403ms)
			ReleaseScriptCaches (1ms)
			RebuildScriptCaches (51ms)
			SetupLoadedEditorAssemblies (368ms)
				LogAssemblyErrors (0ms)
				InitializePlatformSupportModulesInManaged (8ms)
				SetLoadedEditorAssemblies (1ms)
				RefreshPlugins (1ms)
				BeforeProcessingInitializeOnLoad (98ms)
				ProcessInitializeOnLoadAttributes (241ms)
				ProcessInitializeOnLoadMethodAttributes (13ms)
				AfterProcessingInitializeOnLoad (7ms)
				EditorAssembliesLoaded (0ms)
			ExecutionOrderSort2 (0ms)
			AwakeInstancesAfterBackupRestoration (11ms)
Platform modules already initialized, skipping
Refreshing native plugins compatible for Editor in 0.61 ms, found 3 plugins.
Preloading 0 native plugins for Editor in 0.00 ms.
Unloading 2180 Unused Serialized files (Serialized files now loaded: 0)
System memory in use before: 100.9 MB.
System memory in use after: 101.0 MB.

Unloading 17 unused Assets to reduce memory usage. Loaded Objects now: 2683.
Total: 3.748500 ms (FindLiveObjects: 0.202500 ms CreateObjectMapping: 0.088200 ms MarkObjects: 3.439500 ms  DeleteObjects: 0.017300 ms)

AssetImportParameters requested are different than current active one (requested -> active):
  custom:framework-win-MediaFoundation: 216162199b28c13a410421893ffa2e32 -> 
  custom:video-decoder-ogg-theora: a1e56fd34408186e4bbccfd4996cb3dc -> 
  custom:container-muxer-webm: aa71ff27fc2769a1b78a27578f13a17b -> 
  custom:container-demuxer-webm: 4f35f7cbe854078d1ac9338744f61a02 -> 
  custom:container-demuxer-ogg: 62fdf1f143b41e24485cea50d1cbac27 -> 
  custom:video-encoder-webm-vp8: eb34c28f22e8b96e1ab97ce403110664 -> 
  custom:video-decoder-webm-vp8: 9c59270c3fd7afecdb556c50c9e8de78 -> 
  custom:audio-decoder-ogg-vorbis: bf7c407c2cedff20999df2af8eb42d56 -> 
  custom:audio-encoder-webm-vorbis: bf7c407c2cedff20999df2af8eb42d56 -> 
========================================================================
Received Import Request.
  Time since last request: 121.722234 seconds.
  path: Assets/Resources/Scripts/Enum.cs
  artifactKey: Guid(cf0d4e54a4fb26646bb3f49ef02c561d) Importer(815301076,1909f56bfc062723c751e8b465ee728b)
Start importing Assets/Resources/Scripts/Enum.cs using Guid(cf0d4e54a4fb26646bb3f49ef02c561d) Importer(815301076,1909f56bfc062723c751e8b465ee728b)  -> (artifact id: '82f5a8882d0664fe66e50713be83d665') in 0.016864 seconds 
  Import took 0.032766 seconds .

========================================================================
Received Import Request.
  Time since last request: 151.561444 seconds.
  path: Assets/Resources/Scripts/NormalBullet.cs
  artifactKey: Guid(ef3ab97359383794d90a8038d2cb6dd1) Importer(815301076,1909f56bfc062723c751e8b465ee728b)
Start importing Assets/Resources/Scripts/NormalBullet.cs using Guid(ef3ab97359383794d90a8038d2cb6dd1) Importer(815301076,1909f56bfc062723c751e8b465ee728b)  -> (artifact id: 'f0a45c6ce7e6b020bad9318084ffea55') in 0.011233 seconds 
  Import took 0.052026 seconds .

========================================================================
Received Import Request.
  Time since last request: 2638.539795 seconds.
  path: Assets/Resources/Scripts/NormalBullet.cs
  artifactKey: Guid(ef3ab97359383794d90a8038d2cb6dd1) Importer(815301076,1909f56bfc062723c751e8b465ee728b)
Start importing Assets/Resources/Scripts/NormalBullet.cs using Guid(ef3ab97359383794d90a8038d2cb6dd1) Importer(815301076,1909f56bfc062723c751e8b465ee728b)  -> (artifact id: 'a5206dda16b7e04db6103d3442940d58') in 0.089316 seconds 
  Import took 0.320433 seconds .

========================================================================
Received Prepare
Registering precompiled user dll's ...
Registered in 0.003817 seconds.
Begin MonoManager ReloadAssembly
Native extension for WindowsStandalone target not found
Native extension for WebGL target not found
Refreshing native plugins compatible for Editor in 0.99 ms, found 3 plugins.
Preloading 0 native plugins for Editor in 0.00 ms.
Mono: successfully reloaded assembly
- Completed reload, in  1.647 seconds
Domain Reload Profiling:
	ReloadAssembly (1648ms)
		BeginReloadAssembly (176ms)
			ExecutionOrderSort (0ms)
			DisableScriptedObjects (9ms)
			BackupInstance (0ms)
			ReleaseScriptingObjects (0ms)
			CreateAndSetChildDomain (49ms)
		EndReloadAssembly (1385ms)
			LoadAssemblies (158ms)
			RebuildTransferFunctionScriptingTraits (0ms)
			SetupTypeCache (404ms)
			ReleaseScriptCaches (2ms)
			RebuildScriptCaches (52ms)
			SetupLoadedEditorAssemblies (631ms)
				LogAssemblyErrors (0ms)
				InitializePlatformSupportModulesInManaged (12ms)
				SetLoadedEditorAssemblies (2ms)
				RefreshPlugins (1ms)
				BeforeProcessingInitializeOnLoad (135ms)
				ProcessInitializeOnLoadAttributes (453ms)
				ProcessInitializeOnLoadMethodAttributes (16ms)
				AfterProcessingInitializeOnLoad (11ms)
				EditorAssembliesLoaded (0ms)
			ExecutionOrderSort2 (0ms)
			AwakeInstancesAfterBackupRestoration (17ms)
Platform modules already initialized, skipping
Refreshing native plugins compatible for Editor in 0.61 ms, found 3 plugins.
Preloading 0 native plugins for Editor in 0.00 ms.
Unloading 2182 Unused Serialized files (Serialized files now loaded: 0)
System memory in use before: 100.9 MB.
System memory in use after: 101.1 MB.

Unloading 17 unused Assets to reduce memory usage. Loaded Objects now: 2687.
Total: 3.998600 ms (FindLiveObjects: 0.271600 ms CreateObjectMapping: 0.167900 ms MarkObjects: 3.536100 ms  DeleteObjects: 0.021700 ms)

AssetImportParameters requested are different than current active one (requested -> active):
  custom:framework-win-MediaFoundation: 216162199b28c13a410421893ffa2e32 -> 
  custom:video-decoder-ogg-theora: a1e56fd34408186e4bbccfd4996cb3dc -> 
  custom:container-muxer-webm: aa71ff27fc2769a1b78a27578f13a17b -> 
  custom:container-demuxer-webm: 4f35f7cbe854078d1ac9338744f61a02 -> 
  custom:container-demuxer-ogg: 62fdf1f143b41e24485cea50d1cbac27 -> 
  custom:video-encoder-webm-vp8: eb34c28f22e8b96e1ab97ce403110664 -> 
  custom:video-decoder-webm-vp8: 9c59270c3fd7afecdb556c50c9e8de78 -> 
  custom:audio-decoder-ogg-vorbis: bf7c407c2cedff20999df2af8eb42d56 -> 
  custom:audio-encoder-webm-vorbis: bf7c407c2cedff20999df2af8eb42d56 -> 
AssetImportWorkerClient::OnTransportError - code=2 error=End of file
